#
# There is insufficient memory for the Java Runtime Environment to continue.
# Native memory allocation (malloc) failed to allocate 2097152 bytes. Error detail: AllocateHeap
# Possible reasons:
#   The system is out of physical RAM or swap space
#   This process is running with CompressedOops enabled, and the Java Heap may be blocking the growth of the native heap
# Possible solutions:
#   Reduce memory load on the system
#   Increase physical memory or swap space
#   Check if swap backing store is full
#   Decrease Java heap size (-Xmx/-Xms)
#   Decrease number of Java threads
#   Decrease Java thread stack sizes (-Xss)
#   Set larger code cache with -XX:ReservedCodeCacheSize=
#   JVM is running with Unscaled Compressed Oops mode in which the Java heap is
#     placed in the first 4GB address space. The Java Heap base address is the
#     maximum limit for the native heap growth. Please use -XX:HeapBaseMinAddress
#     to set the Java Heap base and to place the Java Heap above 4GB virtual address.
# This output file may be truncated or incomplete.
#
#  Out of Memory Error (allocation.cpp:44), pid=12716, tid=21684
#
# JRE version: OpenJDK Runtime Environment Temurin-17.0.11+9 (17.0.11+9) (build 17.0.11+9)
# Java VM: OpenJDK 64-Bit Server VM Temurin-17.0.11+9 (17.0.11+9, mixed mode, emulated-client, tiered, compressed oops, compressed class ptrs, g1 gc, windows-amd64)
# No core dump will be written. Minidumps are not enabled by default on client versions of Windows
#

---------------  S U M M A R Y ------------

Command Line: -Xmx1024m -Dsts.lsp.client=vscode -Dsts.log.file=/dev/null -XX:TieredStopAtLevel=1 -Xlog:jni+resolve=off -Dspring.config.location=file:c:\Users\gjw2\.vscode\extensions\vmware.vscode-spring-boot-1.56.0\language-server\BOOT-INF\classes\application.properties org.springframework.ide.vscode.boot.app.BootLanguageServerBootApp

Host: 12th Gen Intel(R) Core(TM) i3-12100, 8 cores, 7G,  Windows 11 , 64 bit Build 22621 (10.0.22621.3672)
Time: Tue Aug  6 11:11:11 2024  Windows 11 , 64 bit Build 22621 (10.0.22621.3672) elapsed time: 73.305211 seconds (0d 0h 1m 13s)

---------------  T H R E A D  ---------------

Current thread (0x0000018832701ee0):  VMThread "VM Thread" [stack: 0x0000001556800000,0x0000001556900000] [id=21684]

Stack: [0x0000001556800000,0x0000001556900000]
Native frames: (J=compiled Java code, j=interpreted, Vv=VM code, C=native code)
V  [jvm.dll+0x67d429]
V  [jvm.dll+0x834b7a]
V  [jvm.dll+0x83663e]
V  [jvm.dll+0x836ca3]
V  [jvm.dll+0x247dbf]
V  [jvm.dll+0xa6cb3]
V  [jvm.dll+0x2f8b61]
V  [jvm.dll+0x2f4750]
V  [jvm.dll+0x2dcf67]
V  [jvm.dll+0x31fb67]
V  [jvm.dll+0x83b19b]
V  [jvm.dll+0x83bed2]
V  [jvm.dll+0x83c3ed]
V  [jvm.dll+0x83c7c4]
V  [jvm.dll+0x83c890]
V  [jvm.dll+0x7e410a]
V  [jvm.dll+0x67c315]
C  [ucrtbase.dll+0x29333]
C  [KERNEL32.DLL+0x1257d]
C  [ntdll.dll+0x5af28]

VM_Operation (0x00000015580fefb0): G1CollectFull, mode: safepoint, requested by thread 0x00000188385539c0


---------------  P R O C E S S  ---------------

Threads class SMR info:
_java_thread_list=0x0000018838552bb0, length=27, elements={
0x0000018832753020, 0x0000018832753cb0, 0x0000018832778450, 0x0000018832778f20,
0x0000018832779e00, 0x000001883277e300, 0x000001883277e890, 0x000001883285c060,
0x0000018832a62540, 0x0000018832a6acd0, 0x00000188383e4a40, 0x00000188385539c0,
0x0000018838553ea0, 0x0000018827909bf0, 0x000001883851f170, 0x000001883869d710,
0x0000018838051f00, 0x0000018838050ac0, 0x00000188380505b0, 0x0000018838052e30,
0x0000018838053340, 0x0000018838052410, 0x0000018838052920, 0x0000018838050fd0,
0x0000018838053850, 0x00000188380514e0, 0x00000188380519f0
}

Java Threads: ( => current thread )
  0x0000018832753020 JavaThread "Reference Handler" daemon [_thread_blocked, id=11280, stack(0x0000001556900000,0x0000001556a00000)]
  0x0000018832753cb0 JavaThread "Finalizer" daemon [_thread_blocked, id=2548, stack(0x0000001556a00000,0x0000001556b00000)]
  0x0000018832778450 JavaThread "Signal Dispatcher" daemon [_thread_blocked, id=21068, stack(0x0000001556b00000,0x0000001556c00000)]
  0x0000018832778f20 JavaThread "Attach Listener" daemon [_thread_blocked, id=14764, stack(0x0000001556c00000,0x0000001556d00000)]
  0x0000018832779e00 JavaThread "Service Thread" daemon [_thread_blocked, id=9196, stack(0x0000001556d00000,0x0000001556e00000)]
  0x000001883277e300 JavaThread "Monitor Deflation Thread" daemon [_thread_blocked, id=21588, stack(0x0000001556e00000,0x0000001556f00000)]
  0x000001883277e890 JavaThread "C1 CompilerThread0" daemon [_thread_blocked, id=3144, stack(0x0000001556f00000,0x0000001557000000)]
  0x000001883285c060 JavaThread "Sweeper thread" daemon [_thread_blocked, id=6668, stack(0x0000001557000000,0x0000001557100000)]
  0x0000018832a62540 JavaThread "Notification Thread" daemon [_thread_blocked, id=4504, stack(0x0000001557300000,0x0000001557400000)]
  0x0000018832a6acd0 JavaThread "Common-Cleaner" daemon [_thread_blocked, id=30568, stack(0x0000001557500000,0x0000001557600000)]
  0x00000188383e4a40 JavaThread "boundedElastic-evictor-1" daemon [_thread_blocked, id=10808, stack(0x0000001557b00000,0x0000001557c00000)]
  0x00000188385539c0 JavaThread "pool-13-thread-1" [_thread_blocked, id=33036, stack(0x0000001558000000,0x0000001558100000)]
  0x0000018838553ea0 JavaThread "LanguageServerApp-lifecycle" [_thread_blocked, id=30672, stack(0x0000001558100000,0x0000001558200000)]
  0x0000018827909bf0 JavaThread "DestroyJavaVM" [_thread_blocked, id=26764, stack(0x0000001556200000,0x0000001556300000)]
  0x000001883851f170 JavaThread "pool-14-thread-1" [_thread_in_native, id=30104, stack(0x0000001558200000,0x0000001558300000)]
  0x000001883869d710 JavaThread "Simple-Language-Server main thread" daemon [_thread_blocked, id=29424, stack(0x0000001558300000,0x0000001558400000)]
  0x0000018838051f00 JavaThread "pool-8-thread-1" [_thread_blocked, id=13632, stack(0x0000001558400000,0x0000001558500000)]
  0x0000018838050ac0 JavaThread "parallel-1" daemon [_thread_blocked, id=13432, stack(0x0000001558500000,0x0000001558600000)]
  0x00000188380505b0 JavaThread "parallel-2" daemon [_thread_blocked, id=808, stack(0x0000001558600000,0x0000001558700000)]
  0x0000018838052e30 JavaThread "parallel-3" daemon [_thread_blocked, id=29140, stack(0x0000001558700000,0x0000001558800000)]
  0x0000018838053340 JavaThread "parallel-4" daemon [_thread_blocked, id=32776, stack(0x0000001558800000,0x0000001558900000)]
  0x0000018838052410 JavaThread "parallel-5" daemon [_thread_blocked, id=15116, stack(0x0000001558900000,0x0000001558a00000)]
  0x0000018838052920 JavaThread "parallel-6" daemon [_thread_blocked, id=14788, stack(0x0000001558a00000,0x0000001558b00000)]
  0x0000018838050fd0 JavaThread "parallel-7" daemon [_thread_blocked, id=9716, stack(0x0000001558b00000,0x0000001558c00000)]
  0x0000018838053850 JavaThread "parallel-8" daemon [_thread_blocked, id=30960, stack(0x0000001558c00000,0x0000001558d00000)]
  0x00000188380514e0 JavaThread "pool-6-thread-1" [_thread_blocked, id=17908, stack(0x0000001558d00000,0x0000001558e00000)]
  0x00000188380519f0 JavaThread "Reconciler-1" daemon [_thread_blocked, id=27808, stack(0x0000001558e00000,0x0000001558f00000)]

Other Threads:
=>0x0000018832701ee0 VMThread "VM Thread" [stack: 0x0000001556800000,0x0000001556900000] [id=21684]
  0x0000018832a62a20 WatcherThread [stack: 0x0000001557400000,0x0000001557500000] [id=8076]
  0x0000018827947ff0 GCTaskThread "GC Thread#0" [stack: 0x0000001556300000,0x0000001556400000] [id=25120]
  0x0000018837868410 GCTaskThread "GC Thread#1" [stack: 0x0000001557600000,0x0000001557700000] [id=8992]
  0x000001883789d9d0 GCTaskThread "GC Thread#2" [stack: 0x0000001557700000,0x0000001557800000] [id=21228]
  0x000001883789dc90 GCTaskThread "GC Thread#3" [stack: 0x0000001557800000,0x0000001557900000] [id=10244]
  0x0000018837854490 GCTaskThread "GC Thread#4" [stack: 0x0000001557900000,0x0000001557a00000] [id=7080]
  0x0000018837ab3860 GCTaskThread "GC Thread#5" [stack: 0x0000001557a00000,0x0000001557b00000] [id=6840]
  0x0000018837cb4370 GCTaskThread "GC Thread#6" [stack: 0x0000001557d00000,0x0000001557e00000] [id=27640]
  0x0000018837cb5e90 GCTaskThread "GC Thread#7" [stack: 0x0000001557e00000,0x0000001557f00000] [id=15988]
  0x0000018827950f40 ConcurrentGCThread "G1 Main Marker" [stack: 0x0000001556400000,0x0000001556500000] [id=15576]
  0x0000018827952100 ConcurrentGCThread "G1 Conc#0" [stack: 0x0000001556500000,0x0000001556600000] [id=23620]
  0x0000018837d19830 ConcurrentGCThread "G1 Conc#1" [stack: 0x0000001557f00000,0x0000001558000000] [id=29092]
  0x00000188325a20b0 ConcurrentGCThread "G1 Refine#0" [stack: 0x0000001556600000,0x0000001556700000] [id=25080]
  0x00000188325a2ae0 ConcurrentGCThread "G1 Service" [stack: 0x0000001556700000,0x0000001556800000] [id=21680]

Threads with active compile tasks:

VM state: at safepoint (normal execution)

VM Mutex/Monitor currently owned by a thread:  ([mutex/lock_event])
[0x00000188257b2d20] Threads_lock - owner thread: 0x0000018832701ee0
[0x0000018827908270] Heap_lock - owner thread: 0x00000188385539c0

Heap address: 0x00000000c0000000, size: 1024 MB, Compressed Oops mode: 32-bit

CDS archive(s) not mapped
Compressed class space mapped at: 0x0000000100000000-0x0000000140000000, reserved size: 1073741824
Narrow klass base: 0x0000000000000000, Narrow klass shift: 3, Narrow klass range: 0x140000000

GC Precious Log:
 CPUs: 8 total, 8 available
 Memory: 7907M
 Large Page Support: Disabled
 NUMA Support: Disabled
 Compressed Oops: Enabled (32-bit)
 Heap Region Size: 1M
 Heap Min Capacity: 8M
 Heap Initial Capacity: 124M
 Heap Max Capacity: 1G
 Pre-touch: Disabled
 Parallel Workers: 8
 Concurrent Workers: 2
 Concurrent Refinement Workers: 8
 Periodic GC: Disabled

Heap:
 garbage-first heap   total 75776K, used 25371K [0x00000000c0000000, 0x0000000100000000)
  region size 1024K, 1 young (1024K), 0 survivors (0K)
 Metaspace       used 40882K, committed 41408K, reserved 1114112K
  class space    used 5214K, committed 5440K, reserved 1048576K

Heap Regions: E=young(eden), S=young(survivor), O=old, HS=humongous(starts), HC=humongous(continues), CS=collection set, F=free, OA=open archive, CA=closed archive, TAMS=top-at-mark-start (previous, next)
|   0|0x00000000c0000000, 0x00000000c0100000, 0x00000000c0100000|100%|HS|  |TAMS 0x00000000c0100000, 0x00000000c0000000| Untracked 
|   1|0x00000000c0100000, 0x00000000c0200000, 0x00000000c0200000|100%|HC|  |TAMS 0x00000000c0200000, 0x00000000c0100000| Untracked 
|   2|0x00000000c0200000, 0x00000000c0300000, 0x00000000c0300000|100%|HC|  |TAMS 0x00000000c0300000, 0x00000000c0200000| Untracked 
|   3|0x00000000c0300000, 0x00000000c0400000, 0x00000000c0400000|100%|HC|  |TAMS 0x00000000c0400000, 0x00000000c0300000| Untracked 
|   4|0x00000000c0400000, 0x00000000c0500000, 0x00000000c0500000|100%|HS|  |TAMS 0x00000000c0500000, 0x00000000c0400000| Untracked 
|   5|0x00000000c0500000, 0x00000000c0600000, 0x00000000c0600000|100%|HC|  |TAMS 0x00000000c0600000, 0x00000000c0500000| Untracked 
|   6|0x00000000c0600000, 0x00000000c0700000, 0x00000000c0700000|100%| O|  |TAMS 0x00000000c0700000, 0x00000000c0600000| Untracked 
|   7|0x00000000c0700000, 0x00000000c07ffff8, 0x00000000c0800000| 99%| O|  |TAMS 0x00000000c07ffff8, 0x00000000c0700000| Untracked 
|   8|0x00000000c0800000, 0x00000000c08ed158, 0x00000000c0900000| 92%| O|  |TAMS 0x00000000c0800000, 0x00000000c0800000| Untracked 
|   9|0x00000000c0900000, 0x00000000c09ffff0, 0x00000000c0a00000| 99%| O|  |TAMS 0x00000000c09ffff0, 0x00000000c0900000| Untracked 
|  10|0x00000000c0a00000, 0x00000000c0b00000, 0x00000000c0b00000|100%| O|  |TAMS 0x00000000c0b00000, 0x00000000c0a00000| Untracked 
|  11|0x00000000c0b00000, 0x00000000c0c00000, 0x00000000c0c00000|100%| O|  |TAMS 0x00000000c0c00000, 0x00000000c0b00000| Untracked 
|  12|0x00000000c0c00000, 0x00000000c0cffff8, 0x00000000c0d00000| 99%| O|  |TAMS 0x00000000c0c00000, 0x00000000c0c00000| Untracked 
|  13|0x00000000c0d00000, 0x00000000c0e00000, 0x00000000c0e00000|100%| O|  |TAMS 0x00000000c0e00000, 0x00000000c0d00000| Untracked 
|  14|0x00000000c0e00000, 0x00000000c0f00000, 0x00000000c0f00000|100%| O|  |TAMS 0x00000000c0f00000, 0x00000000c0e00000| Untracked 
|  15|0x00000000c0f00000, 0x00000000c0ffffe0, 0x00000000c1000000| 99%| O|  |TAMS 0x00000000c0f00000, 0x00000000c0f00000| Untracked 
|  16|0x00000000c1000000, 0x00000000c10ff1a8, 0x00000000c1100000| 99%| O|  |TAMS 0x00000000c1000000, 0x00000000c1000000| Untracked 
|  17|0x00000000c1100000, 0x00000000c11ffff0, 0x00000000c1200000| 99%| O|  |TAMS 0x00000000c1100000, 0x00000000c1100000| Untracked 
|  18|0x00000000c1200000, 0x00000000c12ffff8, 0x00000000c1300000| 99%| O|  |TAMS 0x00000000c1200000, 0x00000000c1200000| Untracked 
|  19|0x00000000c1300000, 0x00000000c1400000, 0x00000000c1400000|100%| O|  |TAMS 0x00000000c1400000, 0x00000000c1300000| Untracked 
|  20|0x00000000c1400000, 0x00000000c14fe510, 0x00000000c1500000| 99%| O|  |TAMS 0x00000000c1400000, 0x00000000c1400000| Untracked 
|  21|0x00000000c1500000, 0x00000000c1600000, 0x00000000c1600000|100%| O|  |TAMS 0x00000000c1500000, 0x00000000c1500000| Untracked 
|  22|0x00000000c1600000, 0x00000000c16fffe8, 0x00000000c1700000| 99%| O|  |TAMS 0x00000000c1600000, 0x00000000c1600000| Untracked 
|  23|0x00000000c1700000, 0x00000000c17fe010, 0x00000000c1800000| 99%| O|  |TAMS 0x00000000c1700000, 0x00000000c1700000| Untracked 
|  24|0x00000000c1800000, 0x00000000c18de758, 0x00000000c1900000| 86%| O|  |TAMS 0x00000000c1800000, 0x00000000c1800000| Untracked 
|  25|0x00000000c1900000, 0x00000000c1900000, 0x00000000c1a00000|  0%| F|  |TAMS 0x00000000c1900000, 0x00000000c1900000| Untracked 
|  26|0x00000000c1a00000, 0x00000000c1a00000, 0x00000000c1b00000|  0%| F|  |TAMS 0x00000000c1a00000, 0x00000000c1a00000| Untracked 
|  27|0x00000000c1b00000, 0x00000000c1b00000, 0x00000000c1c00000|  0%| F|  |TAMS 0x00000000c1b00000, 0x00000000c1b00000| Untracked 
|  28|0x00000000c1c00000, 0x00000000c1c00000, 0x00000000c1d00000|  0%| F|  |TAMS 0x00000000c1c00000, 0x00000000c1c00000| Untracked 
|  29|0x00000000c1d00000, 0x00000000c1d00000, 0x00000000c1e00000|  0%| F|  |TAMS 0x00000000c1d00000, 0x00000000c1d00000| Untracked 
|  30|0x00000000c1e00000, 0x00000000c1e00000, 0x00000000c1f00000|  0%| F|  |TAMS 0x00000000c1e00000, 0x00000000c1e00000| Untracked 
|  31|0x00000000c1f00000, 0x00000000c1f00000, 0x00000000c2000000|  0%| F|  |TAMS 0x00000000c1f00000, 0x00000000c1f00000| Untracked 
|  32|0x00000000c2000000, 0x00000000c2000000, 0x00000000c2100000|  0%| F|  |TAMS 0x00000000c2000000, 0x00000000c2000000| Untracked 
|  33|0x00000000c2100000, 0x00000000c2100000, 0x00000000c2200000|  0%| F|  |TAMS 0x00000000c2100000, 0x00000000c2100000| Untracked 
|  34|0x00000000c2200000, 0x00000000c2200000, 0x00000000c2300000|  0%| F|  |TAMS 0x00000000c2200000, 0x00000000c2200000| Untracked 
|  35|0x00000000c2300000, 0x00000000c2300000, 0x00000000c2400000|  0%| F|  |TAMS 0x00000000c2300000, 0x00000000c2300000| Untracked 
|  36|0x00000000c2400000, 0x00000000c2400000, 0x00000000c2500000|  0%| F|  |TAMS 0x00000000c2400000, 0x00000000c2400000| Untracked 
|  37|0x00000000c2500000, 0x00000000c2500000, 0x00000000c2600000|  0%| F|  |TAMS 0x00000000c2500000, 0x00000000c2500000| Untracked 
|  38|0x00000000c2600000, 0x00000000c2600000, 0x00000000c2700000|  0%| F|  |TAMS 0x00000000c2600000, 0x00000000c2600000| Untracked 
|  39|0x00000000c2700000, 0x00000000c2700000, 0x00000000c2800000|  0%| F|  |TAMS 0x00000000c2700000, 0x00000000c2700000| Untracked 
|  40|0x00000000c2800000, 0x00000000c2800000, 0x00000000c2900000|  0%| F|  |TAMS 0x00000000c2800000, 0x00000000c2800000| Untracked 
|  41|0x00000000c2900000, 0x00000000c2900000, 0x00000000c2a00000|  0%| F|  |TAMS 0x00000000c2900000, 0x00000000c2900000| Untracked 
|  42|0x00000000c2a00000, 0x00000000c2a00000, 0x00000000c2b00000|  0%| F|  |TAMS 0x00000000c2a00000, 0x00000000c2a00000| Untracked 
|  43|0x00000000c2b00000, 0x00000000c2b00000, 0x00000000c2c00000|  0%| F|  |TAMS 0x00000000c2b00000, 0x00000000c2b00000| Untracked 
|  44|0x00000000c2c00000, 0x00000000c2c00000, 0x00000000c2d00000|  0%| F|  |TAMS 0x00000000c2c00000, 0x00000000c2c00000| Untracked 
|  45|0x00000000c2d00000, 0x00000000c2d00000, 0x00000000c2e00000|  0%| F|  |TAMS 0x00000000c2d00000, 0x00000000c2d00000| Untracked 
|  46|0x00000000c2e00000, 0x00000000c2e00000, 0x00000000c2f00000|  0%| F|  |TAMS 0x00000000c2e00000, 0x00000000c2e00000| Untracked 
|  47|0x00000000c2f00000, 0x00000000c2f00000, 0x00000000c3000000|  0%| F|  |TAMS 0x00000000c2f00000, 0x00000000c2f00000| Untracked 
|  48|0x00000000c3000000, 0x00000000c3000000, 0x00000000c3100000|  0%| F|  |TAMS 0x00000000c3000000, 0x00000000c3000000| Untracked 
|  49|0x00000000c3100000, 0x00000000c3100000, 0x00000000c3200000|  0%| F|  |TAMS 0x00000000c3100000, 0x00000000c3100000| Untracked 
|  50|0x00000000c3200000, 0x00000000c3200000, 0x00000000c3300000|  0%| F|  |TAMS 0x00000000c3200000, 0x00000000c3200000| Untracked 
|  51|0x00000000c3300000, 0x00000000c3300000, 0x00000000c3400000|  0%| F|  |TAMS 0x00000000c3300000, 0x00000000c3300000| Untracked 
|  52|0x00000000c3400000, 0x00000000c3400000, 0x00000000c3500000|  0%| F|  |TAMS 0x00000000c3400000, 0x00000000c3400000| Untracked 
|  53|0x00000000c3500000, 0x00000000c3500000, 0x00000000c3600000|  0%| F|  |TAMS 0x00000000c3500000, 0x00000000c3500000| Untracked 
|  54|0x00000000c3600000, 0x00000000c3600000, 0x00000000c3700000|  0%| F|  |TAMS 0x00000000c3600000, 0x00000000c3600000| Untracked 
|  55|0x00000000c3700000, 0x00000000c3700000, 0x00000000c3800000|  0%| F|  |TAMS 0x00000000c3700000, 0x00000000c3700000| Untracked 
|  56|0x00000000c3800000, 0x00000000c3800000, 0x00000000c3900000|  0%| F|  |TAMS 0x00000000c3800000, 0x00000000c3800000| Untracked 
|  57|0x00000000c3900000, 0x00000000c3900000, 0x00000000c3a00000|  0%| F|  |TAMS 0x00000000c3900000, 0x00000000c3900000| Untracked 
|  58|0x00000000c3a00000, 0x00000000c3a00000, 0x00000000c3b00000|  0%| F|  |TAMS 0x00000000c3a00000, 0x00000000c3a00000| Untracked 
|  59|0x00000000c3b00000, 0x00000000c3b00000, 0x00000000c3c00000|  0%| F|  |TAMS 0x00000000c3b00000, 0x00000000c3b00000| Untracked 
|  60|0x00000000c3c00000, 0x00000000c3c00000, 0x00000000c3d00000|  0%| F|  |TAMS 0x00000000c3c00000, 0x00000000c3c00000| Untracked 
|  61|0x00000000c3d00000, 0x00000000c3d00000, 0x00000000c3e00000|  0%| F|  |TAMS 0x00000000c3d00000, 0x00000000c3d00000| Untracked 
|  62|0x00000000c3e00000, 0x00000000c3e00000, 0x00000000c3f00000|  0%| F|  |TAMS 0x00000000c3e00000, 0x00000000c3e00000| Untracked 
|  63|0x00000000c3f00000, 0x00000000c3f00000, 0x00000000c4000000|  0%| F|  |TAMS 0x00000000c3f00000, 0x00000000c3f00000| Untracked 
|  64|0x00000000c4000000, 0x00000000c4000000, 0x00000000c4100000|  0%| F|  |TAMS 0x00000000c4000000, 0x00000000c4000000| Untracked 
|  65|0x00000000c4100000, 0x00000000c4100000, 0x00000000c4200000|  0%| F|  |TAMS 0x00000000c4100000, 0x00000000c4100000| Untracked 
|  66|0x00000000c4200000, 0x00000000c4200000, 0x00000000c4300000|  0%| F|  |TAMS 0x00000000c4200000, 0x00000000c4200000| Untracked 
|  67|0x00000000c4300000, 0x00000000c4300000, 0x00000000c4400000|  0%| F|  |TAMS 0x00000000c4300000, 0x00000000c4300000| Untracked 
|  82|0x00000000c5200000, 0x00000000c5200000, 0x00000000c5300000|  0%| F|  |TAMS 0x00000000c5200000, 0x00000000c5200000| Untracked 
|  83|0x00000000c5300000, 0x00000000c5300000, 0x00000000c5400000|  0%| F|  |TAMS 0x00000000c5300000, 0x00000000c5300000| Untracked 
|  84|0x00000000c5400000, 0x00000000c5400000, 0x00000000c5500000|  0%| F|  |TAMS 0x00000000c5400000, 0x00000000c5400000| Untracked 
|  85|0x00000000c5500000, 0x00000000c5500000, 0x00000000c5600000|  0%| F|  |TAMS 0x00000000c5500000, 0x00000000c5500000| Untracked 
|  86|0x00000000c5600000, 0x00000000c5600000, 0x00000000c5700000|  0%| F|  |TAMS 0x00000000c5600000, 0x00000000c5600000| Untracked 
| 123|0x00000000c7b00000, 0x00000000c7b26698, 0x00000000c7c00000| 15%| E|  |TAMS 0x00000000c7b00000, 0x00000000c7b00000| Complete 

Card table byte_map: [0x000001882d8b0000,0x000001882dab0000] _byte_map_base: 0x000001882d2b0000

Marking Bits (Prev, Next): (CMBitMap*) 0x0000018827948650, (CMBitMap*) 0x0000018827948610
 Prev Bits: [0x000001882ecb0000, 0x000001882fcb0000)
 Next Bits: [0x000001882dcb0000, 0x000001882ecb0000)

Polling page: 0x00000188270b0000

Metaspace:

Usage:
  Non-class:     34.83 MB used.
      Class:      5.09 MB used.
       Both:     39.92 MB used.

Virtual space:
  Non-class space:       64.00 MB reserved,      35.12 MB ( 55%) committed,  1 nodes.
      Class space:        1.00 GB reserved,       5.31 MB ( <1%) committed,  1 nodes.
             Both:        1.06 GB reserved,      40.44 MB (  4%) committed. 

Chunk freelists:
   Non-Class:  12.97 MB
       Class:  10.71 MB
        Both:  23.69 MB

MaxMetaspaceSize: unlimited
CompressedClassSpaceSize: 1.00 GB
Initial GC threshold: 21.00 MB
Current GC threshold: 67.44 MB
CDS: off
MetaspaceReclaimPolicy: balanced
 - commit_granule_bytes: 65536.
 - commit_granule_words: 8192.
 - virtual_space_node_default_size: 8388608.
 - enlarge_chunks_in_place: 1.
 - new_chunks_are_fully_committed: 0.
 - uncommit_free_chunks: 1.
 - use_allocation_guard: 0.
 - handle_deallocations: 1.


Internal statistics:

num_allocs_failed_limit: 8.
num_arena_births: 502.
num_arena_deaths: 152.
num_vsnodes_births: 2.
num_vsnodes_deaths: 0.
num_space_committed: 646.
num_space_uncommitted: 0.
num_chunks_returned_to_freelist: 178.
num_chunks_taken_from_freelist: 1727.
num_chunk_merges: 54.
num_chunk_splits: 1198.
num_chunks_enlarged: 912.
num_inconsistent_stats: 0.

CodeCache: size=49152Kb used=6887Kb max_used=8551Kb free=42264Kb
 bounds [0x000001882a590000, 0x000001882adf0000, 0x000001882d590000]
 total_blobs=4273 nmethods=3721 adapters=479
 compilation: enabled
              stopped_count=0, restarted_count=0
 full_count=0

Compilation events (20 events):
Event: 3.425 Thread 0x000001883277e890 nmethod 3709 0x000001882a7c0c90 code [0x000001882a7c0e20, 0x000001882a7c0f28]
Event: 3.425 Thread 0x0000018832a4ba80 nmethod 3710 0x000001882a7c0490 code [0x000001882a7c0660, 0x000001882a7c0ab8]
Event: 3.426 Thread 0x0000018832a4ba80 3711       1       java.lang.CharacterData00::getType (11 bytes)
Event: 3.426 Thread 0x000001883277e890 3712       1       java.lang.CharacterData00::getProperties (32 bytes)
Event: 3.426 Thread 0x000001883277e890 nmethod 3712 0x000001882a7c0090 code [0x000001882a7c0220, 0x000001882a7c0398]
Event: 3.426 Thread 0x0000018832a4ba80 nmethod 3711 0x000001882a7bfc10 code [0x000001882a7bfda0, 0x000001882a7bff18]
Event: 3.426 Thread 0x0000018832a4ba80 3713       1       java.net.URI::getScheme (5 bytes)
Event: 3.426 Thread 0x0000018832a4ba80 nmethod 3713 0x000001882a7bf910 code [0x000001882a7bfaa0, 0x000001882a7bfb78]
Event: 3.427 Thread 0x0000018832a4ba80 3714       1       jdk.internal.misc.Unsafe::weakCompareAndSetReference (11 bytes)
Event: 3.427 Thread 0x0000018832a4ba80 nmethod 3714 0x000001882a7bf590 code [0x000001882a7bf720, 0x000001882a7bf858]
Event: 12.637 Thread 0x000001883277e890 3715       1       java.util.ArrayList::<init> (63 bytes)
Event: 12.638 Thread 0x000001883277e890 nmethod 3715 0x000001882a7bf010 code [0x000001882a7bf1e0, 0x000001882a7bf4b8]
Event: 42.630 Thread 0x000001883277e890 3716       1       java.util.concurrent.locks.AbstractQueuedSynchronizer::signalNext (34 bytes)
Event: 42.630 Thread 0x000001883277e890 nmethod 3716 0x000001882a7bec10 code [0x000001882a7beda0, 0x000001882a7beee8]
Event: 42.692 Thread 0x000001883277e890 3717       1       java.lang.invoke.Invokers::maybeCustomize (5 bytes)
Event: 42.693 Thread 0x000001883277e890 nmethod 3717 0x000001882a7be910 code [0x000001882a7beaa0, 0x000001882a7beb68]
Event: 42.693 Thread 0x000001883277e890 3718       1       java.lang.invoke.StringConcatFactory::parseRecipe (198 bytes)
Event: 42.694 Thread 0x000001883277e890 nmethod 3718 0x000001882a7bd010 code [0x000001882a7bd2e0, 0x000001882a7be038]
Event: 42.842 Thread 0x000001883277e890 3721       1       java.util.logging.Logger::getName (5 bytes)
Event: 42.842 Thread 0x000001883277e890 nmethod 3721 0x000001882a7bc710 code [0x000001882a7bc8a0, 0x000001882a7bc978]

GC Heap History (20 events):
Event: 0.870 GC heap before
{Heap before GC invocations=1 (full 0):
 garbage-first heap   total 126976K, used 38522K [0x00000000c0000000, 0x0000000100000000)
  region size 1024K, 25 young (25600K), 3 survivors (3072K)
 Metaspace       used 13594K, committed 13824K, reserved 1114112K
  class space    used 1676K, committed 1792K, reserved 1048576K
}
Event: 0.873 GC heap after
{Heap after GC invocations=2 (full 0):
 garbage-first heap   total 126976K, used 17666K [0x00000000c0000000, 0x0000000100000000)
  region size 1024K, 2 young (2048K), 2 survivors (2048K)
 Metaspace       used 13594K, committed 13824K, reserved 1114112K
  class space    used 1676K, committed 1792K, reserved 1048576K
}
Event: 1.206 GC heap before
{Heap before GC invocations=2 (full 0):
 garbage-first heap   total 126976K, used 52482K [0x00000000c0000000, 0x0000000100000000)
  region size 1024K, 37 young (37888K), 2 survivors (2048K)
 Metaspace       used 21308K, committed 21504K, reserved 1114112K
  class space    used 2627K, committed 2752K, reserved 1048576K
}
Event: 1.210 GC heap after
{Heap after GC invocations=3 (full 0):
 garbage-first heap   total 126976K, used 20900K [0x00000000c0000000, 0x0000000100000000)
  region size 1024K, 5 young (5120K), 5 survivors (5120K)
 Metaspace       used 21308K, committed 21504K, reserved 1114112K
  class space    used 2627K, committed 2752K, reserved 1048576K
}
Event: 1.593 GC heap before
{Heap before GC invocations=4 (full 0):
 garbage-first heap   total 75776K, used 57764K [0x00000000c0000000, 0x0000000100000000)
  region size 1024K, 42 young (43008K), 5 survivors (5120K)
 Metaspace       used 27739K, committed 27968K, reserved 1114112K
  class space    used 3467K, committed 3584K, reserved 1048576K
}
Event: 1.599 GC heap after
{Heap after GC invocations=5 (full 0):
 garbage-first heap   total 75776K, used 23950K [0x00000000c0000000, 0x0000000100000000)
  region size 1024K, 4 young (4096K), 4 survivors (4096K)
 Metaspace       used 27739K, committed 27968K, reserved 1114112K
  class space    used 3467K, committed 3584K, reserved 1048576K
}
Event: 2.141 GC heap before
{Heap before GC invocations=5 (full 0):
 garbage-first heap   total 75776K, used 49550K [0x00000000c0000000, 0x0000000100000000)
  region size 1024K, 29 young (29696K), 4 survivors (4096K)
 Metaspace       used 31687K, committed 32064K, reserved 1114112K
  class space    used 4014K, committed 4224K, reserved 1048576K
}
Event: 2.147 GC heap after
{Heap after GC invocations=6 (full 0):
 garbage-first heap   total 75776K, used 25896K [0x00000000c0000000, 0x0000000100000000)
  region size 1024K, 2 young (2048K), 2 survivors (2048K)
 Metaspace       used 31687K, committed 32064K, reserved 1114112K
  class space    used 4014K, committed 4224K, reserved 1048576K
}
Event: 2.428 GC heap before
{Heap before GC invocations=6 (full 0):
 garbage-first heap   total 75776K, used 53544K [0x00000000c0000000, 0x0000000100000000)
  region size 1024K, 28 young (28672K), 2 survivors (2048K)
 Metaspace       used 35645K, committed 36032K, reserved 1114112K
  class space    used 4397K, committed 4608K, reserved 1048576K
}
Event: 2.434 GC heap after
{Heap after GC invocations=7 (full 0):
 garbage-first heap   total 75776K, used 28967K [0x00000000c0000000, 0x0000000100000000)
  region size 1024K, 4 young (4096K), 4 survivors (4096K)
 Metaspace       used 35645K, committed 36032K, reserved 1114112K
  class space    used 4397K, committed 4608K, reserved 1048576K
}
Event: 2.467 GC heap before
{Heap before GC invocations=7 (full 0):
 garbage-first heap   total 75776K, used 29991K [0x00000000c0000000, 0x0000000100000000)
  region size 1024K, 6 young (6144K), 4 survivors (4096K)
 Metaspace       used 35949K, committed 36288K, reserved 1114112K
  class space    used 4431K, committed 4608K, reserved 1048576K
}
Event: 2.471 GC heap after
{Heap after GC invocations=8 (full 0):
 garbage-first heap   total 75776K, used 29727K [0x00000000c0000000, 0x0000000100000000)
  region size 1024K, 1 young (1024K), 1 survivors (1024K)
 Metaspace       used 35949K, committed 36288K, reserved 1114112K
  class space    used 4431K, committed 4608K, reserved 1048576K
}
Event: 2.836 GC heap before
{Heap before GC invocations=9 (full 0):
 garbage-first heap   total 75776K, used 55327K [0x00000000c0000000, 0x0000000100000000)
  region size 1024K, 26 young (26624K), 1 survivors (1024K)
 Metaspace       used 40271K, committed 40704K, reserved 1114112K
  class space    used 5093K, committed 5312K, reserved 1048576K
}
Event: 2.838 GC heap after
{Heap after GC invocations=10 (full 0):
 garbage-first heap   total 75776K, used 31304K [0x00000000c0000000, 0x0000000100000000)
  region size 1024K, 3 young (3072K), 3 survivors (3072K)
 Metaspace       used 40271K, committed 40704K, reserved 1114112K
  class space    used 5093K, committed 5312K, reserved 1048576K
}
Event: 42.842 GC heap before
{Heap before GC invocations=10 (full 0):
 garbage-first heap   total 75776K, used 36424K [0x00000000c0000000, 0x0000000100000000)
  region size 1024K, 9 young (9216K), 3 survivors (3072K)
 Metaspace       used 41034K, committed 41408K, reserved 1114112K
  class space    used 5252K, committed 5440K, reserved 1048576K
}
Event: 42.854 GC heap after
{Heap after GC invocations=11 (full 1):
 garbage-first heap   total 75776K, used 29050K [0x00000000c0000000, 0x0000000100000000)
  region size 1024K, 0 young (0K), 0 survivors (0K)
 Metaspace       used 41034K, committed 41408K, reserved 1114112K
  class space    used 5252K, committed 5440K, reserved 1048576K
}
Event: 53.029 GC heap before
{Heap before GC invocations=11 (full 1):
 garbage-first heap   total 75776K, used 29050K [0x00000000c0000000, 0x0000000100000000)
  region size 1024K, 1 young (1024K), 0 survivors (0K)
 Metaspace       used 41034K, committed 41408K, reserved 1114112K
  class space    used 5252K, committed 5440K, reserved 1048576K
}
Event: 53.041 GC heap after
{Heap after GC invocations=12 (full 2):
 garbage-first heap   total 75776K, used 29049K [0x00000000c0000000, 0x0000000100000000)
  region size 1024K, 0 young (0K), 0 survivors (0K)
 Metaspace       used 41034K, committed 41408K, reserved 1114112K
  class space    used 5252K, committed 5440K, reserved 1048576K
}
Event: 63.224 GC heap before
{Heap before GC invocations=12 (full 2):
 garbage-first heap   total 75776K, used 29049K [0x00000000c0000000, 0x0000000100000000)
  region size 1024K, 1 young (1024K), 0 survivors (0K)
 Metaspace       used 41034K, committed 41408K, reserved 1114112K
  class space    used 5252K, committed 5440K, reserved 1048576K
}
Event: 63.244 GC heap after
{Heap after GC invocations=13 (full 3):
 garbage-first heap   total 75776K, used 25371K [0x00000000c0000000, 0x0000000100000000)
  region size 1024K, 0 young (0K), 0 survivors (0K)
 Metaspace       used 40882K, committed 41408K, reserved 1114112K
  class space    used 5214K, committed 5440K, reserved 1048576K
}

Dll operation events (8 events):
Event: 0.011 Loaded shared library c:\Users\gjw2\.vscode\extensions\redhat.java-1.33.0-win32-x64\jre\17.0.11-win32-x86_64\bin\java.dll
Event: 0.125 Loaded shared library C:\Users\gjw2\.vscode\extensions\redhat.java-1.33.0-win32-x64\jre\17.0.11-win32-x86_64\bin\net.dll
Event: 0.127 Loaded shared library C:\Users\gjw2\.vscode\extensions\redhat.java-1.33.0-win32-x64\jre\17.0.11-win32-x86_64\bin\nio.dll
Event: 0.131 Loaded shared library C:\Users\gjw2\.vscode\extensions\redhat.java-1.33.0-win32-x64\jre\17.0.11-win32-x86_64\bin\zip.dll
Event: 0.402 Loaded shared library C:\Users\gjw2\.vscode\extensions\redhat.java-1.33.0-win32-x64\jre\17.0.11-win32-x86_64\bin\jimage.dll
Event: 1.150 Loaded shared library c:\Users\gjw2\.vscode\extensions\redhat.java-1.33.0-win32-x64\jre\17.0.11-win32-x86_64\bin\verify.dll
Event: 2.682 Loaded shared library C:\Users\gjw2\.vscode\extensions\redhat.java-1.33.0-win32-x64\jre\17.0.11-win32-x86_64\bin\management.dll
Event: 2.686 Loaded shared library C:\Users\gjw2\.vscode\extensions\redhat.java-1.33.0-win32-x64\jre\17.0.11-win32-x86_64\bin\management_ext.dll

Deoptimization events (4 events):
Event: 2.843 Thread 0x000001883851f170 DEOPT PACKING pc=0x000001882ab5e501 sp=0x00000015582fda10
Event: 2.843 Thread 0x000001883851f170 DEOPT UNPACKING pc=0x000001882a5e7143 sp=0x00000015582fcea0 mode 3
Event: 2.849 Thread 0x0000018838053340 DEOPT PACKING pc=0x000001882ab3e917 sp=0x00000015588fee20
Event: 2.849 Thread 0x0000018838053340 DEOPT UNPACKING pc=0x000001882a5e7143 sp=0x00000015588fe278 mode 3

Classes unloaded (20 events):
Event: 63.232 Thread 0x0000018832701ee0 Unloading class 0x0000000100094800 'java/lang/invoke/LambdaForm$MH+0x0000000100094800'
Event: 63.232 Thread 0x0000018832701ee0 Unloading class 0x0000000100094400 'java/lang/invoke/LambdaForm$MH+0x0000000100094400'
Event: 63.232 Thread 0x0000018832701ee0 Unloading class 0x000000010008e800 'java/lang/invoke/LambdaForm$MH+0x000000010008e800'
Event: 63.232 Thread 0x0000018832701ee0 Unloading class 0x000000010008e400 'java/lang/invoke/LambdaForm$MH+0x000000010008e400'
Event: 63.232 Thread 0x0000018832701ee0 Unloading class 0x000000010008e000 'java/lang/invoke/LambdaForm$MH+0x000000010008e000'
Event: 63.232 Thread 0x0000018832701ee0 Unloading class 0x000000010008dc00 'java/lang/invoke/LambdaForm$MH+0x000000010008dc00'
Event: 63.232 Thread 0x0000018832701ee0 Unloading class 0x000000010008d800 'java/lang/invoke/LambdaForm$MH+0x000000010008d800'
Event: 63.232 Thread 0x0000018832701ee0 Unloading class 0x000000010008d400 'java/lang/invoke/LambdaForm$MH+0x000000010008d400'
Event: 63.232 Thread 0x0000018832701ee0 Unloading class 0x000000010008cc00 'java/lang/invoke/LambdaForm$MH+0x000000010008cc00'
Event: 63.232 Thread 0x0000018832701ee0 Unloading class 0x000000010008c800 'java/lang/invoke/LambdaForm$MH+0x000000010008c800'
Event: 63.232 Thread 0x0000018832701ee0 Unloading class 0x000000010008c000 'java/lang/invoke/LambdaForm$MH+0x000000010008c000'
Event: 63.232 Thread 0x0000018832701ee0 Unloading class 0x000000010008bc00 'java/lang/invoke/LambdaForm$MH+0x000000010008bc00'
Event: 63.232 Thread 0x0000018832701ee0 Unloading class 0x000000010008ac00 'java/lang/invoke/LambdaForm$MH+0x000000010008ac00'
Event: 63.232 Thread 0x0000018832701ee0 Unloading class 0x000000010008a400 'java/lang/invoke/LambdaForm$MH+0x000000010008a400'
Event: 63.232 Thread 0x0000018832701ee0 Unloading class 0x000000010008a000 'java/lang/invoke/LambdaForm$MH+0x000000010008a000'
Event: 63.232 Thread 0x0000018832701ee0 Unloading class 0x0000000100089c00 'java/lang/invoke/LambdaForm$MH+0x0000000100089c00'
Event: 63.232 Thread 0x0000018832701ee0 Unloading class 0x0000000100089800 'java/lang/invoke/LambdaForm$MH+0x0000000100089800'
Event: 63.232 Thread 0x0000018832701ee0 Unloading class 0x0000000100089400 'java/lang/invoke/LambdaForm$MH+0x0000000100089400'
Event: 63.232 Thread 0x0000018832701ee0 Unloading class 0x0000000100088c00 'java/lang/invoke/LambdaForm$MH+0x0000000100088c00'
Event: 63.232 Thread 0x0000018832701ee0 Unloading class 0x0000000100088400 'java/lang/invoke/LambdaForm$MH+0x0000000100088400'

Classes redefined (0 events):
No events

Internal exceptions (20 events):
Event: 1.794 Thread 0x0000018827909bf0 Exception <a 'java/lang/NoSuchMethodError'{0x00000000c3c6a350}: 'java.lang.Object java.lang.invoke.DirectMethodHandle$Holder.invokeSpecial(java.lang.Object, java.lang.Object, int, java.lang.Object, java.lang.Object)'> (0x00000000c3c6a350) 
thrown [s\src\hotspot\share\interpreter\linkResolver.cpp, line 759]
Event: 1.794 Thread 0x0000018827909bf0 Exception <a 'java/lang/NoSuchMethodError'{0x00000000c3c6dff8}: 'java.lang.Object java.lang.invoke.DelegatingMethodHandle$Holder.delegate(java.lang.Object, int, java.lang.Object, java.lang.Object)'> (0x00000000c3c6dff8) 
thrown [s\src\hotspot\share\interpreter\linkResolver.cpp, line 759]
Event: 1.795 Thread 0x0000018827909bf0 Exception <a 'java/lang/NoSuchMethodError'{0x00000000c3c7ee80}: 'int java.lang.invoke.Invokers$Holder.linkToTargetMethod(java.lang.Object, java.lang.Object, java.lang.Object)'> (0x00000000c3c7ee80) 
thrown [s\src\hotspot\share\interpreter\linkResolver.cpp, line 759]
Event: 1.853 Thread 0x0000018827909bf0 Exception <a 'java/lang/NoSuchMethodError'{0x00000000c3727908}: 'java.lang.Object java.lang.invoke.DirectMethodHandle$Holder.invokeStaticInit(java.lang.Object, int, int, int, int)'> (0x00000000c3727908) 
thrown [s\src\hotspot\share\interpreter\linkResolver.cpp, line 759]
Event: 2.080 Thread 0x0000018827909bf0 Exception <a 'java/lang/NoSuchMethodError'{0x00000000c363f680}: 'java.lang.Object java.lang.invoke.DirectMethodHandle$Holder.invokeStaticInit(java.lang.Object, java.lang.Object, int, int, int, int)'> (0x00000000c363f680) 
thrown [s\src\hotspot\share\interpreter\linkResolver.cpp, line 759]
Event: 2.188 Thread 0x0000018827909bf0 Exception <a 'java/lang/NoSuchMethodError'{0x00000000c55d01b8}: 'void java.lang.invoke.DirectMethodHandle$Holder.invokeSpecialIFC(java.lang.Object, java.lang.Object, java.lang.Object)'> (0x00000000c55d01b8) 
thrown [s\src\hotspot\share\interpreter\linkResolver.cpp, line 759]
Event: 2.434 Thread 0x0000018827909bf0 Exception <a 'java/lang/NoSuchMethodError'{0x00000000c7b01cf8}: 'int java.lang.invoke.DirectMethodHandle$Holder.invokeStaticInit(java.lang.Object, java.lang.Object, int, java.lang.Object)'> (0x00000000c7b01cf8) 
thrown [s\src\hotspot\share\interpreter\linkResolver.cpp, line 759]
Event: 2.467 Thread 0x0000018827909bf0 Exception <a 'java/lang/NoSuchMethodError'{0x00000000c563cb70}: 'void java.lang.invoke.DirectMethodHandle$Holder.invokeSpecial(java.lang.Object, java.lang.Object, java.lang.Object, java.lang.Object, java.lang.Object, java.lang.Object, java.lang.Object)'> (0x00000000c563cb70) 
thrown [s\src\hotspot\share\interpreter\linkResolver.cpp, line 759]
Event: 2.587 Thread 0x0000018827909bf0 Exception <a 'java/lang/NoSuchMethodError'{0x00000000c434e788}: 'java.lang.Object java.lang.invoke.DirectMethodHandle$Holder.invokeInterface(java.lang.Object, java.lang.Object, int)'> (0x00000000c434e788) 
thrown [s\src\hotspot\share\interpreter\linkResolver.cpp, line 759]
Event: 2.587 Thread 0x0000018827909bf0 Exception <a 'java/lang/IncompatibleClassChangeError'{0x00000000c4365510}: Found class java.lang.Object, but interface was expected> (0x00000000c4365510) 
thrown [s\src\hotspot\share\interpreter\linkResolver.cpp, line 826]
Event: 2.674 Thread 0x0000018827909bf0 Exception <a 'java/lang/NoSuchMethodError'{0x00000000c3d5a3b8}: 'java.lang.Object java.lang.invoke.DirectMethodHandle$Holder.newInvokeSpecial(java.lang.Object, java.lang.Object, int, java.lang.Object, java.lang.Object)'> (0x00000000c3d5a3b8) 
thrown [s\src\hotspot\share\interpreter\linkResolver.cpp, line 759]
Event: 2.675 Thread 0x0000018827909bf0 Exception <a 'java/lang/NoSuchMethodError'{0x00000000c3d713a8}: 'java.lang.Object java.lang.invoke.DirectMethodHandle$Holder.newInvokeSpecial(java.lang.Object, java.lang.Object, java.lang.Object, int)'> (0x00000000c3d713a8) 
thrown [s\src\hotspot\share\interpreter\linkResolver.cpp, line 759]
Event: 2.675 Thread 0x0000018827909bf0 Exception <a 'java/lang/NoSuchMethodError'{0x00000000c3d756a8}: 'java.lang.Object java.lang.invoke.DirectMethodHandle$Holder.invokeSpecial(java.lang.Object, java.lang.Object, java.lang.Object, java.lang.Object, int)'> (0x00000000c3d756a8) 
thrown [s\src\hotspot\share\interpreter\linkResolver.cpp, line 759]
Event: 2.675 Thread 0x0000018827909bf0 Exception <a 'java/lang/NoSuchMethodError'{0x00000000c3d79270}: 'java.lang.Object java.lang.invoke.Invokers$Holder.linkToTargetMethod(java.lang.Object, java.lang.Object, int, java.lang.Object)'> (0x00000000c3d79270) 
thrown [s\src\hotspot\share\interpreter\linkResolver.cpp, line 759]
Event: 2.815 Thread 0x000001883869d710 Exception <a 'java/lang/NoSuchMethodError'{0x00000000c3267470}: 'java.lang.Object java.lang.invoke.DirectMethodHandle$Holder.invokeStatic(java.lang.Object, int, java.lang.Object)'> (0x00000000c3267470) 
thrown [s\src\hotspot\share\interpreter\linkResolver.cpp, line 759]
Event: 2.817 Thread 0x000001883851f170 Exception <a 'java/lang/NoSuchMethodError'{0x00000000c32360e8}: 'java.lang.Object java.lang.invoke.DirectMethodHandle$Holder.invokeStatic(java.lang.Object, java.lang.Object, java.lang.Object, int, java.lang.Object, java.lang.Object)'> (0x00000000c32360e8) 
thrown [s\src\hotspot\share\interpreter\linkResolver.cpp, line 759]
Event: 3.419 Thread 0x00000188380519f0 Exception <a 'java/lang/NoSuchMethodError'{0x00000000c5270780}: 'int java.lang.invoke.DirectMethodHandle$Holder.invokeStatic(java.lang.Object)'> (0x00000000c5270780) 
thrown [s\src\hotspot\share\interpreter\linkResolver.cpp, line 759]
Event: 3.420 Thread 0x00000188380519f0 Exception <a 'java/lang/NoSuchMethodError'{0x00000000c5273b98}: 'int java.lang.invoke.DirectMethodHandle$Holder.invokeStaticInit(java.lang.Object)'> (0x00000000c5273b98) 
thrown [s\src\hotspot\share\interpreter\linkResolver.cpp, line 759]
Event: 42.701 Thread 0x00000188385539c0 Exception <a 'java/lang/NoSuchMethodError'{0x00000000c52d22f0}: 'void java.lang.invoke.DirectMethodHandle$Holder.invokeStatic(java.lang.Object, long)'> (0x00000000c52d22f0) 
thrown [s\src\hotspot\share\interpreter\linkResolver.cpp, line 759]
Event: 42.702 Thread 0x00000188385539c0 Exception <a 'java/lang/NoSuchMethodError'{0x00000000c52d7698}: 'java.lang.Object java.lang.invoke.DirectMethodHandle$Holder.newInvokeSpecial(java.lang.Object, long)'> (0x00000000c52d7698) 
thrown [s\src\hotspot\share\interpreter\linkResolver.cpp, line 759]

VM Operations (20 events):
Event: 2.832 Executing VM operation: HandshakeAllThreads done
Event: 2.836 Executing VM operation: G1CollectForAllocation
Event: 2.838 Executing VM operation: G1CollectForAllocation done
Event: 2.852 Executing VM operation: HandshakeAllThreads
Event: 2.852 Executing VM operation: HandshakeAllThreads done
Event: 3.855 Executing VM operation: Cleanup
Event: 3.855 Executing VM operation: Cleanup done
Event: 23.007 Executing VM operation: Cleanup
Event: 23.007 Executing VM operation: Cleanup done
Event: 42.703 Executing VM operation: HandshakeAllThreads
Event: 42.703 Executing VM operation: HandshakeAllThreads done
Event: 42.842 Executing VM operation: G1CollectFull
Event: 42.854 Executing VM operation: G1CollectFull done
Event: 53.029 Executing VM operation: G1CollectFull
Event: 53.041 Executing VM operation: G1CollectFull done
Event: 60.163 Executing VM operation: HandshakeAllThreads
Event: 60.163 Executing VM operation: HandshakeAllThreads done
Event: 63.224 Executing VM operation: G1CollectFull
Event: 63.244 Executing VM operation: G1CollectFull done
Event: 73.300 Executing VM operation: G1CollectFull

Events (20 events):
Event: 3.420 Thread 0x0000018832a51fc0 Thread exited: 0x0000018832a51fc0
Event: 3.421 loading class java/util/concurrent/atomic/AtomicLongFieldUpdater
Event: 3.421 loading class java/util/concurrent/atomic/AtomicLongFieldUpdater done
Event: 3.421 loading class java/util/concurrent/atomic/AtomicLongFieldUpdater$CASUpdater
Event: 3.422 loading class java/util/concurrent/atomic/AtomicLongFieldUpdater$CASUpdater done
Event: 3.422 loading class java/util/concurrent/atomic/AtomicLongFieldUpdater$CASUpdater$1
Event: 3.422 loading class java/util/concurrent/atomic/AtomicLongFieldUpdater$CASUpdater$1 done
Event: 8.429 Thread 0x0000018832a4ba80 Thread exited: 0x0000018832a4ba80
Event: 42.693 loading class java/lang/ProcessBuilder
Event: 42.694 loading class java/lang/ProcessBuilder done
Event: 42.694 loading class java/lang/ProcessImpl
Event: 42.694 loading class java/lang/ProcessImpl done
Event: 42.702 loading class java/lang/ProcessImpl$2
Event: 42.702 loading class java/lang/ProcessImpl$2 done
Event: 42.702 loading class java/lang/Process$PipeInputStream
Event: 42.702 loading class java/lang/Process$PipeInputStream done
Event: 42.703 loading class jdk/internal/event/ProcessStartEvent
Event: 42.703 loading class jdk/internal/event/ProcessStartEvent done
Event: 42.842 loading class java/io/FileOutputStream$1
Event: 42.842 loading class java/io/FileOutputStream$1 done


Dynamic libraries:
0x00007ff694d00000 - 0x00007ff694d0e000 	c:\Users\gjw2\.vscode\extensions\redhat.java-1.33.0-win32-x64\jre\17.0.11-win32-x86_64\bin\java.exe
0x00007ffa6bef0000 - 0x00007ffa6c107000 	C:\windows\SYSTEM32\ntdll.dll
0x00007ffa6aab0000 - 0x00007ffa6ab74000 	C:\windows\System32\KERNEL32.DLL
0x00007ffa69250000 - 0x00007ffa695fd000 	C:\windows\System32\KERNELBASE.dll
0x00007ffa69aa0000 - 0x00007ffa69bb1000 	C:\windows\System32\ucrtbase.dll
0x00007ffa37d70000 - 0x00007ffa37d8b000 	c:\Users\gjw2\.vscode\extensions\redhat.java-1.33.0-win32-x64\jre\17.0.11-win32-x86_64\bin\VCRUNTIME140.dll
0x00007ffa3b1a0000 - 0x00007ffa3b1b7000 	c:\Users\gjw2\.vscode\extensions\redhat.java-1.33.0-win32-x64\jre\17.0.11-win32-x86_64\bin\jli.dll
0x00007ffa6b770000 - 0x00007ffa6b91e000 	C:\windows\System32\USER32.dll
0x00007ffa69760000 - 0x00007ffa69786000 	C:\windows\System32\win32u.dll
0x00007ffa6aa80000 - 0x00007ffa6aaa9000 	C:\windows\System32\GDI32.dll
0x00007ffa69790000 - 0x00007ffa698a9000 	C:\windows\System32\gdi32full.dll
0x00007ffa696c0000 - 0x00007ffa6975a000 	C:\windows\System32\msvcp_win.dll
0x00007ffa3d4b0000 - 0x00007ffa3d743000 	C:\windows\WinSxS\amd64_microsoft.windows.common-controls_6595b64144ccf1df_6.0.22621.3672_none_2713b9d173822955\COMCTL32.dll
0x00007ffa6a930000 - 0x00007ffa6a9d7000 	C:\windows\System32\msvcrt.dll
0x00007ffa6a9e0000 - 0x00007ffa6aa11000 	C:\windows\System32\IMM32.DLL
0x00007ffa661d0000 - 0x00007ffa661dc000 	c:\Users\gjw2\.vscode\extensions\redhat.java-1.33.0-win32-x64\jre\17.0.11-win32-x86_64\bin\vcruntime140_1.dll
0x00007ffa2fab0000 - 0x00007ffa2fb3d000 	c:\Users\gjw2\.vscode\extensions\redhat.java-1.33.0-win32-x64\jre\17.0.11-win32-x86_64\bin\msvcp140.dll
0x00007ff9f1ee0000 - 0x00007ff9f2b42000 	c:\Users\gjw2\.vscode\extensions\redhat.java-1.33.0-win32-x64\jre\17.0.11-win32-x86_64\bin\server\jvm.dll
0x00007ffa6b920000 - 0x00007ffa6b9d2000 	C:\windows\System32\ADVAPI32.dll
0x00007ffa6afb0000 - 0x00007ffa6b059000 	C:\windows\System32\sechost.dll
0x00007ffa69220000 - 0x00007ffa69248000 	C:\windows\System32\bcrypt.dll
0x00007ffa6b060000 - 0x00007ffa6b174000 	C:\windows\System32\RPCRT4.dll
0x00007ffa5b680000 - 0x00007ffa5b689000 	C:\windows\SYSTEM32\WSOCK32.dll
0x00007ffa5fb90000 - 0x00007ffa5fb9a000 	C:\windows\SYSTEM32\VERSION.dll
0x00007ffa68070000 - 0x00007ffa680bd000 	C:\windows\SYSTEM32\POWRPROF.dll
0x00007ffa595f0000 - 0x00007ffa59624000 	C:\windows\SYSTEM32\WINMM.dll
0x00007ffa6af30000 - 0x00007ffa6afa1000 	C:\windows\System32\WS2_32.dll
0x00007ffa68050000 - 0x00007ffa68063000 	C:\windows\SYSTEM32\UMPDC.dll
0x00007ffa68300000 - 0x00007ffa68318000 	C:\windows\SYSTEM32\kernel.appcore.dll
0x00007ffa5eed0000 - 0x00007ffa5eeda000 	c:\Users\gjw2\.vscode\extensions\redhat.java-1.33.0-win32-x64\jre\17.0.11-win32-x86_64\bin\jimage.dll
0x00007ffa5e480000 - 0x00007ffa5e6b2000 	C:\windows\SYSTEM32\DBGHELP.DLL
0x00007ffa6ab80000 - 0x00007ffa6af08000 	C:\windows\System32\combase.dll
0x00007ffa6bdd0000 - 0x00007ffa6bea7000 	C:\windows\System32\OLEAUT32.dll
0x00007ffa5e360000 - 0x00007ffa5e392000 	C:\windows\SYSTEM32\dbgcore.DLL
0x00007ffa698b0000 - 0x00007ffa6992b000 	C:\windows\System32\bcryptPrimitives.dll
0x00007ffa33ad0000 - 0x00007ffa33af5000 	c:\Users\gjw2\.vscode\extensions\redhat.java-1.33.0-win32-x64\jre\17.0.11-win32-x86_64\bin\java.dll
0x00007ffa31ac0000 - 0x00007ffa31ad8000 	c:\Users\gjw2\.vscode\extensions\redhat.java-1.33.0-win32-x64\jre\17.0.11-win32-x86_64\bin\zip.dll
0x00007ffa69ea0000 - 0x00007ffa6a6ff000 	C:\windows\System32\SHELL32.dll
0x00007ffa67130000 - 0x00007ffa67a2c000 	C:\windows\SYSTEM32\windows.storage.dll
0x00007ffa66ff0000 - 0x00007ffa6712f000 	C:\windows\SYSTEM32\wintypes.dll
0x00007ffa6b190000 - 0x00007ffa6b284000 	C:\windows\System32\SHCORE.dll
0x00007ffa6b290000 - 0x00007ffa6b2ee000 	C:\windows\System32\shlwapi.dll
0x00007ffa69150000 - 0x00007ffa69171000 	C:\windows\SYSTEM32\profapi.dll
0x00007ffa31aa0000 - 0x00007ffa31ab9000 	C:\Users\gjw2\.vscode\extensions\redhat.java-1.33.0-win32-x64\jre\17.0.11-win32-x86_64\bin\net.dll
0x00007ffa647c0000 - 0x00007ffa648f6000 	C:\windows\SYSTEM32\WINHTTP.dll
0x00007ffa68760000 - 0x00007ffa687c9000 	C:\windows\system32\mswsock.dll
0x00007ffa30000000 - 0x00007ffa30016000 	C:\Users\gjw2\.vscode\extensions\redhat.java-1.33.0-win32-x64\jre\17.0.11-win32-x86_64\bin\nio.dll
0x00007ffa3b210000 - 0x00007ffa3b220000 	c:\Users\gjw2\.vscode\extensions\redhat.java-1.33.0-win32-x64\jre\17.0.11-win32-x86_64\bin\verify.dll
0x00007ffa68a00000 - 0x00007ffa68a1b000 	C:\windows\SYSTEM32\CRYPTSP.dll
0x00007ffa68260000 - 0x00007ffa68295000 	C:\windows\system32\rsaenh.dll
0x00007ffa68800000 - 0x00007ffa68828000 	C:\windows\SYSTEM32\USERENV.dll
0x00007ffa68960000 - 0x00007ffa6896c000 	C:\windows\SYSTEM32\CRYPTBASE.dll
0x00007ffa67d00000 - 0x00007ffa67d2d000 	C:\windows\SYSTEM32\IPHLPAPI.DLL
0x00007ffa6b180000 - 0x00007ffa6b189000 	C:\windows\System32\NSI.dll
0x00007ffa649d0000 - 0x00007ffa649e9000 	C:\windows\SYSTEM32\dhcpcsvc6.DLL
0x00007ffa649b0000 - 0x00007ffa649cf000 	C:\windows\SYSTEM32\dhcpcsvc.DLL
0x00007ffa67d70000 - 0x00007ffa67e68000 	C:\windows\SYSTEM32\DNSAPI.dll
0x00007ffa5d0a0000 - 0x00007ffa5d0a9000 	C:\Users\gjw2\.vscode\extensions\redhat.java-1.33.0-win32-x64\jre\17.0.11-win32-x86_64\bin\management.dll
0x00007ffa3e930000 - 0x00007ffa3e93b000 	C:\Users\gjw2\.vscode\extensions\redhat.java-1.33.0-win32-x64\jre\17.0.11-win32-x86_64\bin\management_ext.dll
0x00007ffa6a8c0000 - 0x00007ffa6a8c8000 	C:\windows\System32\PSAPI.DLL

dbghelp: loaded successfully - version: 4.0.5 - missing functions: none
symbol engine: initialized successfully - sym options: 0x614 - pdb path: .;c:\Users\gjw2\.vscode\extensions\redhat.java-1.33.0-win32-x64\jre\17.0.11-win32-x86_64\bin;C:\windows\SYSTEM32;C:\windows\WinSxS\amd64_microsoft.windows.common-controls_6595b64144ccf1df_6.0.22621.3672_none_2713b9d173822955;c:\Users\gjw2\.vscode\extensions\redhat.java-1.33.0-win32-x64\jre\17.0.11-win32-x86_64\bin\server

VM Arguments:
jvm_args: -Xmx1024m -Dsts.lsp.client=vscode -Dsts.log.file=/dev/null -XX:TieredStopAtLevel=1 -Xlog:jni+resolve=off -Dspring.config.location=file:c:\Users\gjw2\.vscode\extensions\vmware.vscode-spring-boot-1.56.0\language-server\BOOT-INF\classes\application.properties 
java_command: org.springframework.ide.vscode.boot.app.BootLanguageServerBootApp
java_class_path (initial): c:\Users\gjw2\.vscode\extensions\vmware.vscode-spring-boot-1.56.0\language-server\BOOT-INF\classes;c:\Users\gjw2\.vscode\extensions\vmware.vscode-spring-boot-1.56.0\language-server\BOOT-INF\lib\annotations-24.1.0.jar;c:\Users\gjw2\.vscode\extensions\vmware.vscode-spring-boot-1.56.0\language-server\BOOT-INF\lib\antlr4-runtime-4.13.1.jar;c:\Users\gjw2\.vscode\extensions\vmware.vscode-spring-boot-1.56.0\language-server\BOOT-INF\lib\asm-9.7.jar;c:\Users\gjw2\.vscode\extensions\vmware.vscode-spring-boot-1.56.0\language-server\BOOT-INF\lib\asm-analysis-9.7.jar;c:\Users\gjw2\.vscode\extensions\vmware.vscode-spring-boot-1.56.0\language-server\BOOT-INF\lib\asm-tree-9.7.jar;c:\Users\gjw2\.vscode\extensions\vmware.vscode-spring-boot-1.56.0\language-server\BOOT-INF\lib\asm-util-9.7.jar;c:\Users\gjw2\.vscode\extensions\vmware.vscode-spring-boot-1.56.0\language-server\BOOT-INF\lib\caffeine-3.1.8.jar;c:\Users\gjw2\.vscode\extensions\vmware.vscode-spring-boot-1.56.0\language-server\BOOT-INF\lib\checker-qual-3.12.0.jar;c:\Users\gjw2\.vscode\extensions\vmware.vscode-spring-boot-1.56.0\language-server\BOOT-INF\lib\classgraph-4.8.149.jar;c:\Users\gjw2\.vscode\extensions\vmware.vscode-spring-boot-1.56.0\language-server\BOOT-INF\lib\commons-codec-1.16.1.jar;c:\Users\gjw2\.vscode\extensions\vmware.vscode-spring-boot-1.56.0\language-server\BOOT-INF\lib\commons-compress-1.26.2.jar;c:\Users\gjw2\.vscode\extensions\vmware.vscode-spring-boot-1.56.0\language-server\BOOT-INF\lib\commons-io-2.16.1.jar;c:\Users\gjw2\.vscode\extensions\vmware.vscode-spring-boot-1.56.0\language-server\BOOT-INF\lib\commons-java-1.56.0-SNAPSHOT.jar;c:\Users\gjw2\.vscode\extensions\vmware.vscode-spring-boot-1.56.0\language-server\BOOT-INF\lib\commons-lang3-3.14.0.jar;c:\Users\gjw2\.vscode\extensions\vmware.vscode-spring-boot-1.56.0\language-server\BOOT-INF\lib\commons-language-server-1.56.0-SNAPSHOT.jar;c:\Users\gjw2\.vscode\extensions\vmware.vscode-spring-boot-1.56.0\language-server\BOOT-I
Launcher Type: SUN_STANDARD

[Global flags]
     intx CICompilerCount                          = 4                                         {product} {ergonomic}
     uint ConcGCThreads                            = 2                                         {product} {ergonomic}
     uint G1ConcRefinementThreads                  = 8                                         {product} {ergonomic}
   size_t G1HeapRegionSize                         = 1048576                                   {product} {ergonomic}
    uintx GCDrainStackTargetSize                   = 64                                        {product} {ergonomic}
   size_t InitialHeapSize                          = 130023424                                 {product} {ergonomic}
   size_t MarkStackSize                            = 4194304                                   {product} {ergonomic}
   size_t MaxHeapSize                              = 1073741824                                {product} {command line}
   size_t MaxNewSize                               = 643825664                                 {product} {ergonomic}
   size_t MinHeapDeltaBytes                        = 1048576                                   {product} {ergonomic}
   size_t MinHeapSize                              = 8388608                                   {product} {ergonomic}
    uintx NonProfiledCodeHeapSize                  = 0                                      {pd product} {ergonomic}
     bool ProfileInterpreter                       = false                                  {pd product} {command line}
    uintx ProfiledCodeHeapSize                     = 0                                      {pd product} {ergonomic}
   size_t SoftMaxHeapSize                          = 1073741824                             {manageable} {ergonomic}
     intx TieredStopAtLevel                        = 1                                         {product} {command line}
     bool UseCompressedClassPointers               = true                           {product lp64_product} {ergonomic}
     bool UseCompressedOops                        = true                           {product lp64_product} {ergonomic}
     bool UseG1GC                                  = true                                      {product} {ergonomic}
     bool UseLargePagesIndividualAllocation        = false                                  {pd product} {ergonomic}

Logging:
Log output configuration:
 #0: stdout all=warning,jni+resolve=off uptime,level,tags
 #1: stderr all=off uptime,level,tags

Environment Variables:
JAVA_HOME=C:\Program Files\Java\jdk-17
PATH=C:\Program Files\Common Files\Oracle\Java\javapath;C:\Program Files (x86)\VMware\VMware Workstation\bin\;C:\Program Files (x86)\Common Files\Oracle\Java\javapath;C:\windows\system32;C:\windows;C:\windows\System32\Wbem;C:\windows\System32\WindowsPowerShell\v1.0\;C:\windows\System32\OpenSSH\;C:\Program Files (x86)\NVIDIA Corporation\PhysX\Common;C:\Program Files\NVIDIA Corporation\NVIDIA NvDLISR;C:\Program Files\TortoiseSVN\bin;C:\Program Files\nodejs\;C:\Program Files\Git\cmd;C:\Program Files (x86)\Microsoft SQL Server\Client SDK\ODBC\130\Tools\Binn\;C:\Program Files (x86)\Microsoft SQL Server\140\Tools\Binn\;C:\Program Files (x86)\Microsoft SQL Server\140\DTS\Binn\;C:\Program Files (x86)\Microsoft SQL Server\140\Tools\Binn\ManagementStudio\;C:\Program Files\Java\jdk1.8.0_192\bin;C:\Program Files\MySQL\MySQL Server 8.0\bin;%PATH;C:\Users\gjw2\AppData\Roaming\npm;C:\Users\gjw2\AppData\Local\Programs\Microsoft VS Code\bin;C:\Program Files\IntelliJ IDEA Community Edition 2024.1\bin;
USERNAME=user
OS=Windows_NT
PROCESSOR_IDENTIFIER=Intel64 Family 6 Model 151 Stepping 5, GenuineIntel
TMP=C:\Users\gjw2\AppData\Local\Temp
TEMP=C:\Users\gjw2\AppData\Local\Temp



Periodic native trim disabled


---------------  S Y S T E M  ---------------

OS:
 Windows 11 , 64 bit Build 22621 (10.0.22621.3672)
OS uptime: 24 days 16:44 hours
Hyper-V role detected

CPU: total 8 (initial active 8) (4 cores per cpu, 2 threads per core) family 6 model 151 stepping 5 microcode 0x1e, cx8, cmov, fxsr, ht, mmx, 3dnowpref, sse, sse2, sse3, ssse3, sse4.1, sse4.2, popcnt, lzcnt, tsc, tscinvbit, avx, avx2, aes, erms, clmul, bmi1, bmi2, adx, sha, fma, vzeroupper, clflush, clflushopt, clwb, hv
Processor Information for all 8 processors :
  Max Mhz: 3300, Current Mhz: 3300, Mhz Limit: 3300

Memory: 4k page, system-wide physical 7907M (270M free)
TotalPageFile size 32483M (AvailPageFile size 6M)
current process WorkingSet (physical memory assigned to process): 172M, peak: 172M
current process commit charge ("private bytes"): 211M, peak: 230M

vm_info: OpenJDK 64-Bit Server VM (17.0.11+9) for windows-amd64 JRE (17.0.11+9), built on Apr 17 2024 06:07:48 by "admin" with MS VC++ 16.10 / 16.11 (VS2019)

END.
