#
# There is insufficient memory for the Java Runtime Environment to continue.
# Native memory allocation (malloc) failed to allocate 2097152 bytes. Error detail: AllocateHeap
# Possible reasons:
#   The system is out of physical RAM or swap space
#   This process is running with CompressedOops enabled, and the Java Heap may be blocking the growth of the native heap
# Possible solutions:
#   Reduce memory load on the system
#   Increase physical memory or swap space
#   Check if swap backing store is full
#   Decrease Java heap size (-Xmx/-Xms)
#   Decrease number of Java threads
#   Decrease Java thread stack sizes (-Xss)
#   Set larger code cache with -XX:ReservedCodeCacheSize=
#   JVM is running with Unscaled Compressed Oops mode in which the Java heap is
#     placed in the first 4GB address space. The Java Heap base address is the
#     maximum limit for the native heap growth. Please use -XX:HeapBaseMinAddress
#     to set the Java Heap base and to place the Java Heap above 4GB virtual address.
# This output file may be truncated or incomplete.
#
#  Out of Memory Error (allocation.cpp:44), pid=28748, tid=25292
#
# JRE version: OpenJDK Runtime Environment Temurin-17.0.11+9 (17.0.11+9) (build 17.0.11+9)
# Java VM: OpenJDK 64-Bit Server VM Temurin-17.0.11+9 (17.0.11+9, mixed mode, emulated-client, tiered, compressed oops, compressed class ptrs, g1 gc, windows-amd64)
# No core dump will be written. Minidumps are not enabled by default on client versions of Windows
#

---------------  S U M M A R Y ------------

Command Line: -Xmx1024m -Dsts.lsp.client=vscode -Dsts.log.file=/dev/null -XX:TieredStopAtLevel=1 -Xlog:jni+resolve=off -Dspring.config.location=file:c:\Users\gjw2\.vscode\extensions\vmware.vscode-spring-boot-1.56.0\language-server\BOOT-INF\classes\application.properties org.springframework.ide.vscode.boot.app.BootLanguageServerBootApp

Host: 12th Gen Intel(R) Core(TM) i3-12100, 8 cores, 7G,  Windows 11 , 64 bit Build 22621 (10.0.22621.3672)
Time: Tue Aug  6 11:09:58 2024  Windows 11 , 64 bit Build 22621 (10.0.22621.3672) elapsed time: 2065.259643 seconds (0d 0h 34m 25s)

---------------  T H R E A D  ---------------

Current thread (0x000001c87d490250):  VMThread "VM Thread" [stack: 0x0000004239800000,0x0000004239900000] [id=25292]

Stack: [0x0000004239800000,0x0000004239900000]
Native frames: (J=compiled Java code, j=interpreted, Vv=VM code, C=native code)
V  [jvm.dll+0x67d429]
V  [jvm.dll+0x834b7a]
V  [jvm.dll+0x83663e]
V  [jvm.dll+0x836ca3]
V  [jvm.dll+0x247dbf]
V  [jvm.dll+0xa6cb3]
V  [jvm.dll+0x2f8b61]
V  [jvm.dll+0x2f4750]
V  [jvm.dll+0x2dcf67]
V  [jvm.dll+0x31fb67]
V  [jvm.dll+0x83b19b]
V  [jvm.dll+0x83bed2]
V  [jvm.dll+0x83c3ed]
V  [jvm.dll+0x83c7c4]
V  [jvm.dll+0x83c890]
V  [jvm.dll+0x7e410a]
V  [jvm.dll+0x67c315]
C  [ucrtbase.dll+0x29333]
C  [KERNEL32.DLL+0x1257d]
C  [ntdll.dll+0x5af28]

VM_Operation (0x000000423b0fefc0): G1CollectFull, mode: safepoint, requested by thread 0x000001c87ec63350


---------------  P R O C E S S  ---------------

Threads class SMR info:
_java_thread_list=0x000001c804852d20, length=27, elements={
0x000001c87d4b3140, 0x000001c87d4b3fc0, 0x000001c87d5c1440, 0x000001c87d5c2000,
0x000001c87d5c4ad0, 0x000001c87d5c5490, 0x000001c87d5c5f00, 0x000001c87d5c6900,
0x000001c87d7b6f60, 0x000001c87d7beb90, 0x000001c87ec605c0, 0x000001c87ec63350,
0x000001c87ec62420, 0x000001c87ec62e40, 0x000001c87ec62930, 0x000001c87ec63860,
0x000001c87ec61a00, 0x000001c87ec61f10, 0x000001c87d66d710, 0x000001c87d66f060,
0x000001c87d66e640, 0x000001c87d66a470, 0x000001c87d6718e0, 0x000001c87d66eb50,
0x000001c87d671df0, 0x000001c87d66ccf0, 0x000001c87d66ae90
}

Java Threads: ( => current thread )
  0x000001c87d4b3140 JavaThread "Reference Handler" daemon [_thread_blocked, id=32860, stack(0x0000004239900000,0x0000004239a00000)]
  0x000001c87d4b3fc0 JavaThread "Finalizer" daemon [_thread_blocked, id=31784, stack(0x0000004239a00000,0x0000004239b00000)]
  0x000001c87d5c1440 JavaThread "Signal Dispatcher" daemon [_thread_blocked, id=23108, stack(0x0000004239b00000,0x0000004239c00000)]
  0x000001c87d5c2000 JavaThread "Attach Listener" daemon [_thread_blocked, id=25372, stack(0x0000004239c00000,0x0000004239d00000)]
  0x000001c87d5c4ad0 JavaThread "Service Thread" daemon [_thread_blocked, id=12788, stack(0x0000004239d00000,0x0000004239e00000)]
  0x000001c87d5c5490 JavaThread "Monitor Deflation Thread" daemon [_thread_blocked, id=10976, stack(0x0000004239e00000,0x0000004239f00000)]
  0x000001c87d5c5f00 JavaThread "C1 CompilerThread0" daemon [_thread_blocked, id=30280, stack(0x0000004239f00000,0x000000423a000000)]
  0x000001c87d5c6900 JavaThread "Sweeper thread" daemon [_thread_blocked, id=29660, stack(0x000000423a000000,0x000000423a100000)]
  0x000001c87d7b6f60 JavaThread "Notification Thread" daemon [_thread_blocked, id=28360, stack(0x000000423a300000,0x000000423a400000)]
  0x000001c87d7beb90 JavaThread "Common-Cleaner" daemon [_thread_blocked, id=780, stack(0x000000423a500000,0x000000423a600000)]
  0x000001c87ec605c0 JavaThread "boundedElastic-evictor-1" daemon [_thread_blocked, id=33716, stack(0x000000423ab00000,0x000000423ac00000)]
  0x000001c87ec63350 JavaThread "pool-13-thread-1" [_thread_blocked, id=32848, stack(0x000000423b000000,0x000000423b100000)]
  0x000001c87ec62420 JavaThread "LanguageServerApp-lifecycle" [_thread_blocked, id=7096, stack(0x000000423b100000,0x000000423b200000)]
  0x000001c87ec62e40 JavaThread "DestroyJavaVM" [_thread_blocked, id=28804, stack(0x0000004239200000,0x0000004239300000)]
  0x000001c87ec62930 JavaThread "pool-14-thread-1" [_thread_in_native, id=14496, stack(0x000000423b200000,0x000000423b300000)]
  0x000001c87ec63860 JavaThread "Simple-Language-Server main thread" daemon [_thread_blocked, id=23308, stack(0x000000423b300000,0x000000423b400000)]
  0x000001c87ec61a00 JavaThread "pool-8-thread-1" [_thread_blocked, id=30028, stack(0x000000423b800000,0x000000423b900000)]
  0x000001c87ec61f10 JavaThread "parallel-1" daemon [_thread_blocked, id=17228, stack(0x000000423b900000,0x000000423ba00000)]
  0x000001c87d66d710 JavaThread "parallel-2" daemon [_thread_blocked, id=24176, stack(0x000000423ba00000,0x000000423bb00000)]
  0x000001c87d66f060 JavaThread "parallel-3" daemon [_thread_blocked, id=19192, stack(0x000000423bb00000,0x000000423bc00000)]
  0x000001c87d66e640 JavaThread "parallel-4" daemon [_thread_blocked, id=824, stack(0x000000423bc00000,0x000000423bd00000)]
  0x000001c87d66a470 JavaThread "parallel-5" daemon [_thread_blocked, id=5384, stack(0x000000423bd00000,0x000000423be00000)]
  0x000001c87d6718e0 JavaThread "parallel-6" daemon [_thread_blocked, id=25792, stack(0x000000423be00000,0x000000423bf00000)]
  0x000001c87d66eb50 JavaThread "parallel-7" daemon [_thread_blocked, id=20936, stack(0x000000423bf00000,0x000000423c000000)]
  0x000001c87d671df0 JavaThread "pool-6-thread-1" [_thread_blocked, id=29492, stack(0x000000423c000000,0x000000423c100000)]
  0x000001c87d66ccf0 JavaThread "parallel-8" daemon [_thread_blocked, id=13884, stack(0x000000423c100000,0x000000423c200000)]
  0x000001c87d66ae90 JavaThread "Reconciler-1" daemon [_thread_blocked, id=18080, stack(0x000000423c800000,0x000000423c900000)]

Other Threads:
=>0x000001c87d490250 VMThread "VM Thread" [stack: 0x0000004239800000,0x0000004239900000] [id=25292]
  0x000001c87d7b7850 WatcherThread [stack: 0x000000423a400000,0x000000423a500000] [id=14608]
  0x000001c8726f7390 GCTaskThread "GC Thread#0" [stack: 0x0000004239300000,0x0000004239400000] [id=20904]
  0x000001c87e27b890 GCTaskThread "GC Thread#1" [stack: 0x000000423a600000,0x000000423a700000] [id=25392]
  0x000001c87e2b7550 GCTaskThread "GC Thread#2" [stack: 0x000000423a700000,0x000000423a800000] [id=20064]
  0x000001c87e2b7e30 GCTaskThread "GC Thread#3" [stack: 0x000000423a800000,0x000000423a900000] [id=15812]
  0x000001c87e506a50 GCTaskThread "GC Thread#4" [stack: 0x000000423a900000,0x000000423aa00000] [id=12540]
  0x000001c87e357c90 GCTaskThread "GC Thread#5" [stack: 0x000000423aa00000,0x000000423ab00000] [id=28188]
  0x000001c87e7a83c0 GCTaskThread "GC Thread#6" [stack: 0x000000423ad00000,0x000000423ae00000] [id=33100]
  0x000001c87e6a9da0 GCTaskThread "GC Thread#7" [stack: 0x000000423ae00000,0x000000423af00000] [id=12044]
  0x000001c8727002e0 ConcurrentGCThread "G1 Main Marker" [stack: 0x0000004239400000,0x0000004239500000] [id=33412]
  0x000001c872700d00 ConcurrentGCThread "G1 Conc#0" [stack: 0x0000004239500000,0x0000004239600000] [id=22620]
  0x000001c87e7aa6c0 ConcurrentGCThread "G1 Conc#1" [stack: 0x000000423af00000,0x000000423b000000] [id=2588]
  0x000001c87d3020b0 ConcurrentGCThread "G1 Refine#0" [stack: 0x0000004239600000,0x0000004239700000] [id=8496]
  0x000001c87d302ae0 ConcurrentGCThread "G1 Service" [stack: 0x0000004239700000,0x0000004239800000] [id=28056]

Threads with active compile tasks:

VM state: at safepoint (normal execution)

VM Mutex/Monitor currently owned by a thread:  ([mutex/lock_event])
[0x000001c8704d1c60] Threads_lock - owner thread: 0x000001c87d490250
[0x000001c8726b5b10] Heap_lock - owner thread: 0x000001c87ec63350

Heap address: 0x00000000c0000000, size: 1024 MB, Compressed Oops mode: 32-bit

CDS archive(s) not mapped
Compressed class space mapped at: 0x0000000100000000-0x0000000140000000, reserved size: 1073741824
Narrow klass base: 0x0000000000000000, Narrow klass shift: 3, Narrow klass range: 0x140000000

GC Precious Log:
 CPUs: 8 total, 8 available
 Memory: 7907M
 Large Page Support: Disabled
 NUMA Support: Disabled
 Compressed Oops: Enabled (32-bit)
 Heap Region Size: 1M
 Heap Min Capacity: 8M
 Heap Initial Capacity: 124M
 Heap Max Capacity: 1G
 Pre-touch: Disabled
 Parallel Workers: 8
 Concurrent Workers: 2
 Concurrent Refinement Workers: 8
 Periodic GC: Disabled

Heap:
 garbage-first heap   total 137216K, used 39932K [0x00000000c0000000, 0x0000000100000000)
  region size 1024K, 1 young (1024K), 0 survivors (0K)
 Metaspace       used 61279K, committed 61760K, reserved 1114112K
  class space    used 7448K, committed 7680K, reserved 1048576K

Heap Regions: E=young(eden), S=young(survivor), O=old, HS=humongous(starts), HC=humongous(continues), CS=collection set, F=free, OA=open archive, CA=closed archive, TAMS=top-at-mark-start (previous, next)
|   0|0x00000000c0000000, 0x00000000c0100000, 0x00000000c0100000|100%|HS|  |TAMS 0x00000000c0100000, 0x00000000c0000000| Untracked 
|   1|0x00000000c0100000, 0x00000000c0200000, 0x00000000c0200000|100%|HC|  |TAMS 0x00000000c0200000, 0x00000000c0100000| Untracked 
|   2|0x00000000c0200000, 0x00000000c0300000, 0x00000000c0300000|100%|HC|  |TAMS 0x00000000c0300000, 0x00000000c0200000| Untracked 
|   3|0x00000000c0300000, 0x00000000c0400000, 0x00000000c0400000|100%|HC|  |TAMS 0x00000000c0400000, 0x00000000c0300000| Untracked 
|   4|0x00000000c0400000, 0x00000000c0500000, 0x00000000c0500000|100%|HS|  |TAMS 0x00000000c0500000, 0x00000000c0400000| Untracked 
|   5|0x00000000c0500000, 0x00000000c0600000, 0x00000000c0600000|100%|HC|  |TAMS 0x00000000c0600000, 0x00000000c0500000| Untracked 
|   6|0x00000000c0600000, 0x00000000c0700000, 0x00000000c0700000|100%| O|  |TAMS 0x00000000c0700000, 0x00000000c0600000| Untracked 
|   7|0x00000000c0700000, 0x00000000c0800000, 0x00000000c0800000|100%| O|  |TAMS 0x00000000c0800000, 0x00000000c0700000| Untracked 
|   8|0x00000000c0800000, 0x00000000c0900000, 0x00000000c0900000|100%| O|  |TAMS 0x00000000c0900000, 0x00000000c0800000| Untracked 
|   9|0x00000000c0900000, 0x00000000c0a00000, 0x00000000c0a00000|100%| O|  |TAMS 0x00000000c0a00000, 0x00000000c0900000| Untracked 
|  10|0x00000000c0a00000, 0x00000000c0b00000, 0x00000000c0b00000|100%| O|  |TAMS 0x00000000c0b00000, 0x00000000c0a00000| Untracked 
|  11|0x00000000c0b00000, 0x00000000c0c00000, 0x00000000c0c00000|100%| O|  |TAMS 0x00000000c0c00000, 0x00000000c0b00000| Untracked 
|  12|0x00000000c0c00000, 0x00000000c0cffff8, 0x00000000c0d00000| 99%| O|  |TAMS 0x00000000c0cffff8, 0x00000000c0c00000| Untracked 
|  13|0x00000000c0d00000, 0x00000000c0dffff8, 0x00000000c0e00000| 99%| O|  |TAMS 0x00000000c0dffff8, 0x00000000c0d00000| Untracked 
|  14|0x00000000c0e00000, 0x00000000c0f00000, 0x00000000c0f00000|100%| O|  |TAMS 0x00000000c0f00000, 0x00000000c0e00000| Untracked 
|  15|0x00000000c0f00000, 0x00000000c0ffffd8, 0x00000000c1000000| 99%| O|  |TAMS 0x00000000c0ffffd8, 0x00000000c0f00000| Untracked 
|  16|0x00000000c1000000, 0x00000000c10fffe0, 0x00000000c1100000| 99%| O|  |TAMS 0x00000000c10fffe0, 0x00000000c1000000| Untracked 
|  17|0x00000000c1100000, 0x00000000c11fd588, 0x00000000c1200000| 98%| O|  |TAMS 0x00000000c11fd588, 0x00000000c1100000| Untracked 
|  18|0x00000000c1200000, 0x00000000c12fff98, 0x00000000c1300000| 99%| O|  |TAMS 0x00000000c12fff98, 0x00000000c1200000| Untracked 
|  19|0x00000000c1300000, 0x00000000c13fffb0, 0x00000000c1400000| 99%| O|  |TAMS 0x00000000c13fffb0, 0x00000000c1300000| Untracked 
|  20|0x00000000c1400000, 0x00000000c14fffe8, 0x00000000c1500000| 99%| O|  |TAMS 0x00000000c14fffe8, 0x00000000c1400000| Untracked 
|  21|0x00000000c1500000, 0x00000000c15ffff0, 0x00000000c1600000| 99%| O|  |TAMS 0x00000000c15ffff0, 0x00000000c1500000| Untracked 
|  22|0x00000000c1600000, 0x00000000c16fffc0, 0x00000000c1700000| 99%| O|  |TAMS 0x00000000c16fffc0, 0x00000000c1600000| Untracked 
|  23|0x00000000c1700000, 0x00000000c17ffff0, 0x00000000c1800000| 99%| O|  |TAMS 0x00000000c17ffff0, 0x00000000c1700000| Untracked 
|  24|0x00000000c1800000, 0x00000000c18ffff0, 0x00000000c1900000| 99%| O|  |TAMS 0x00000000c18ffff0, 0x00000000c1800000| Untracked 
|  25|0x00000000c1900000, 0x00000000c19fffb8, 0x00000000c1a00000| 99%| O|  |TAMS 0x00000000c19fffb8, 0x00000000c1900000| Untracked 
|  26|0x00000000c1a00000, 0x00000000c1afffe0, 0x00000000c1b00000| 99%| O|  |TAMS 0x00000000c1afffe0, 0x00000000c1a00000| Untracked 
|  27|0x00000000c1b00000, 0x00000000c1bff3b8, 0x00000000c1c00000| 99%| O|  |TAMS 0x00000000c1bff3b8, 0x00000000c1b00000| Untracked 
|  28|0x00000000c1c00000, 0x00000000c1cffff8, 0x00000000c1d00000| 99%| O|  |TAMS 0x00000000c1cffff8, 0x00000000c1c00000| Untracked 
|  29|0x00000000c1d00000, 0x00000000c1dfff58, 0x00000000c1e00000| 99%| O|  |TAMS 0x00000000c1dfff58, 0x00000000c1d00000| Untracked 
|  30|0x00000000c1e00000, 0x00000000c1efa078, 0x00000000c1f00000| 97%| O|  |TAMS 0x00000000c1efa078, 0x00000000c1e00000| Untracked 
|  31|0x00000000c1f00000, 0x00000000c1ffffd8, 0x00000000c2000000| 99%| O|  |TAMS 0x00000000c1ffffd8, 0x00000000c1f00000| Untracked 
|  32|0x00000000c2000000, 0x00000000c20e7df0, 0x00000000c2100000| 90%| O|  |TAMS 0x00000000c2000000, 0x00000000c2000000| Untracked 
|  33|0x00000000c2100000, 0x00000000c21ffff0, 0x00000000c2200000| 99%| O|  |TAMS 0x00000000c21ffff0, 0x00000000c2100000| Untracked 
|  34|0x00000000c2200000, 0x00000000c2300000, 0x00000000c2300000|100%| O|  |TAMS 0x00000000c2300000, 0x00000000c2200000| Untracked 
|  35|0x00000000c2300000, 0x00000000c2400000, 0x00000000c2400000|100%| O|  |TAMS 0x00000000c2400000, 0x00000000c2300000| Untracked 
|  36|0x00000000c2400000, 0x00000000c24ff2a8, 0x00000000c2500000| 99%| O|  |TAMS 0x00000000c24ff2a8, 0x00000000c2400000| Untracked 
|  37|0x00000000c2500000, 0x00000000c25fff30, 0x00000000c2600000| 99%| O|  |TAMS 0x00000000c25fff30, 0x00000000c2500000| Untracked 
|  38|0x00000000c2600000, 0x00000000c261f7e0, 0x00000000c2700000| 12%| O|  |TAMS 0x00000000c2600000, 0x00000000c2600000| Untracked 
|  39|0x00000000c2700000, 0x00000000c27fffe0, 0x00000000c2800000| 99%| O|  |TAMS 0x00000000c27fffe0, 0x00000000c2700000| Untracked 
|  40|0x00000000c2800000, 0x00000000c2800000, 0x00000000c2900000|  0%| F|  |TAMS 0x00000000c2800000, 0x00000000c2800000| Untracked 
|  41|0x00000000c2900000, 0x00000000c2900000, 0x00000000c2a00000|  0%| F|  |TAMS 0x00000000c2900000, 0x00000000c2900000| Untracked 
|  42|0x00000000c2a00000, 0x00000000c2a00000, 0x00000000c2b00000|  0%| F|  |TAMS 0x00000000c2a00000, 0x00000000c2a00000| Untracked 
|  43|0x00000000c2b00000, 0x00000000c2b00000, 0x00000000c2c00000|  0%| F|  |TAMS 0x00000000c2b00000, 0x00000000c2b00000| Untracked 
|  44|0x00000000c2c00000, 0x00000000c2c00000, 0x00000000c2d00000|  0%| F|  |TAMS 0x00000000c2c00000, 0x00000000c2c00000| Untracked 
|  45|0x00000000c2d00000, 0x00000000c2d00000, 0x00000000c2e00000|  0%| F|  |TAMS 0x00000000c2d00000, 0x00000000c2d00000| Untracked 
|  46|0x00000000c2e00000, 0x00000000c2e00000, 0x00000000c2f00000|  0%| F|  |TAMS 0x00000000c2e00000, 0x00000000c2e00000| Untracked 
|  47|0x00000000c2f00000, 0x00000000c2f00000, 0x00000000c3000000|  0%| F|  |TAMS 0x00000000c2f00000, 0x00000000c2f00000| Untracked 
|  48|0x00000000c3000000, 0x00000000c3000000, 0x00000000c3100000|  0%| F|  |TAMS 0x00000000c3000000, 0x00000000c3000000| Untracked 
|  49|0x00000000c3100000, 0x00000000c3100000, 0x00000000c3200000|  0%| F|  |TAMS 0x00000000c3100000, 0x00000000c3100000| Untracked 
|  50|0x00000000c3200000, 0x00000000c3200000, 0x00000000c3300000|  0%| F|  |TAMS 0x00000000c3200000, 0x00000000c3200000| Untracked 
|  51|0x00000000c3300000, 0x00000000c3300000, 0x00000000c3400000|  0%| F|  |TAMS 0x00000000c3300000, 0x00000000c3300000| Untracked 
|  52|0x00000000c3400000, 0x00000000c3400000, 0x00000000c3500000|  0%| F|  |TAMS 0x00000000c3400000, 0x00000000c3400000| Untracked 
|  53|0x00000000c3500000, 0x00000000c3500000, 0x00000000c3600000|  0%| F|  |TAMS 0x00000000c3500000, 0x00000000c3500000| Untracked 
|  54|0x00000000c3600000, 0x00000000c3600000, 0x00000000c3700000|  0%| F|  |TAMS 0x00000000c3600000, 0x00000000c3600000| Untracked 
|  55|0x00000000c3700000, 0x00000000c3700000, 0x00000000c3800000|  0%| F|  |TAMS 0x00000000c3700000, 0x00000000c3700000| Untracked 
|  56|0x00000000c3800000, 0x00000000c3800000, 0x00000000c3900000|  0%| F|  |TAMS 0x00000000c3800000, 0x00000000c3800000| Untracked 
|  57|0x00000000c3900000, 0x00000000c3900000, 0x00000000c3a00000|  0%| F|  |TAMS 0x00000000c3900000, 0x00000000c3900000| Untracked 
|  58|0x00000000c3a00000, 0x00000000c3a00000, 0x00000000c3b00000|  0%| F|  |TAMS 0x00000000c3a00000, 0x00000000c3a00000| Untracked 
|  59|0x00000000c3b00000, 0x00000000c3b00000, 0x00000000c3c00000|  0%| F|  |TAMS 0x00000000c3b00000, 0x00000000c3b00000| Untracked 
|  60|0x00000000c3c00000, 0x00000000c3c00000, 0x00000000c3d00000|  0%| F|  |TAMS 0x00000000c3c00000, 0x00000000c3c00000| Untracked 
|  61|0x00000000c3d00000, 0x00000000c3d00000, 0x00000000c3e00000|  0%| F|  |TAMS 0x00000000c3d00000, 0x00000000c3d00000| Untracked 
|  62|0x00000000c3e00000, 0x00000000c3e00000, 0x00000000c3f00000|  0%| F|  |TAMS 0x00000000c3e00000, 0x00000000c3e00000| Untracked 
|  63|0x00000000c3f00000, 0x00000000c3f00000, 0x00000000c4000000|  0%| F|  |TAMS 0x00000000c3f00000, 0x00000000c3f00000| Untracked 
|  64|0x00000000c4000000, 0x00000000c4000000, 0x00000000c4100000|  0%| F|  |TAMS 0x00000000c4000000, 0x00000000c4000000| Untracked 
|  65|0x00000000c4100000, 0x00000000c4100000, 0x00000000c4200000|  0%| F|  |TAMS 0x00000000c4100000, 0x00000000c4100000| Untracked 
|  66|0x00000000c4200000, 0x00000000c4200000, 0x00000000c4300000|  0%| F|  |TAMS 0x00000000c4200000, 0x00000000c4200000| Untracked 
|  67|0x00000000c4300000, 0x00000000c4300000, 0x00000000c4400000|  0%| F|  |TAMS 0x00000000c4300000, 0x00000000c4300000| Untracked 
|  68|0x00000000c4400000, 0x00000000c4400000, 0x00000000c4500000|  0%| F|  |TAMS 0x00000000c4400000, 0x00000000c4400000| Untracked 
|  69|0x00000000c4500000, 0x00000000c4500000, 0x00000000c4600000|  0%| F|  |TAMS 0x00000000c4500000, 0x00000000c4500000| Untracked 
|  70|0x00000000c4600000, 0x00000000c4600000, 0x00000000c4700000|  0%| F|  |TAMS 0x00000000c4600000, 0x00000000c4600000| Untracked 
|  71|0x00000000c4700000, 0x00000000c4700000, 0x00000000c4800000|  0%| F|  |TAMS 0x00000000c4700000, 0x00000000c4700000| Untracked 
|  72|0x00000000c4800000, 0x00000000c4800000, 0x00000000c4900000|  0%| F|  |TAMS 0x00000000c4800000, 0x00000000c4800000| Untracked 
|  73|0x00000000c4900000, 0x00000000c4900000, 0x00000000c4a00000|  0%| F|  |TAMS 0x00000000c4900000, 0x00000000c4900000| Untracked 
|  74|0x00000000c4a00000, 0x00000000c4a00000, 0x00000000c4b00000|  0%| F|  |TAMS 0x00000000c4a00000, 0x00000000c4a00000| Untracked 
|  75|0x00000000c4b00000, 0x00000000c4b00000, 0x00000000c4c00000|  0%| F|  |TAMS 0x00000000c4b00000, 0x00000000c4b00000| Untracked 
|  76|0x00000000c4c00000, 0x00000000c4c00000, 0x00000000c4d00000|  0%| F|  |TAMS 0x00000000c4c00000, 0x00000000c4c00000| Untracked 
|  77|0x00000000c4d00000, 0x00000000c4d00000, 0x00000000c4e00000|  0%| F|  |TAMS 0x00000000c4d00000, 0x00000000c4d00000| Untracked 
|  78|0x00000000c4e00000, 0x00000000c4e00000, 0x00000000c4f00000|  0%| F|  |TAMS 0x00000000c4e00000, 0x00000000c4e00000| Untracked 
|  79|0x00000000c4f00000, 0x00000000c4f00000, 0x00000000c5000000|  0%| F|  |TAMS 0x00000000c4f00000, 0x00000000c4f00000| Untracked 
|  80|0x00000000c5000000, 0x00000000c5000000, 0x00000000c5100000|  0%| F|  |TAMS 0x00000000c5000000, 0x00000000c5000000| Untracked 
|  81|0x00000000c5100000, 0x00000000c5100000, 0x00000000c5200000|  0%| F|  |TAMS 0x00000000c5100000, 0x00000000c5100000| Untracked 
|  82|0x00000000c5200000, 0x00000000c5200000, 0x00000000c5300000|  0%| F|  |TAMS 0x00000000c5200000, 0x00000000c5200000| Untracked 
|  83|0x00000000c5300000, 0x00000000c5300000, 0x00000000c5400000|  0%| F|  |TAMS 0x00000000c5300000, 0x00000000c5300000| Untracked 
|  84|0x00000000c5400000, 0x00000000c5400000, 0x00000000c5500000|  0%| F|  |TAMS 0x00000000c5400000, 0x00000000c5400000| Untracked 
|  85|0x00000000c5500000, 0x00000000c5500000, 0x00000000c5600000|  0%| F|  |TAMS 0x00000000c5500000, 0x00000000c5500000| Untracked 
|  86|0x00000000c5600000, 0x00000000c5600000, 0x00000000c5700000|  0%| F|  |TAMS 0x00000000c5600000, 0x00000000c5600000| Untracked 
|  87|0x00000000c5700000, 0x00000000c5700000, 0x00000000c5800000|  0%| F|  |TAMS 0x00000000c5700000, 0x00000000c5700000| Untracked 
|  88|0x00000000c5800000, 0x00000000c5800000, 0x00000000c5900000|  0%| F|  |TAMS 0x00000000c5800000, 0x00000000c5800000| Untracked 
|  89|0x00000000c5900000, 0x00000000c5900000, 0x00000000c5a00000|  0%| F|  |TAMS 0x00000000c5900000, 0x00000000c5900000| Untracked 
|  90|0x00000000c5a00000, 0x00000000c5a00000, 0x00000000c5b00000|  0%| F|  |TAMS 0x00000000c5a00000, 0x00000000c5a00000| Untracked 
|  91|0x00000000c5b00000, 0x00000000c5b00000, 0x00000000c5c00000|  0%| F|  |TAMS 0x00000000c5b00000, 0x00000000c5b00000| Untracked 
|  92|0x00000000c5c00000, 0x00000000c5c00000, 0x00000000c5d00000|  0%| F|  |TAMS 0x00000000c5c00000, 0x00000000c5c00000| Untracked 
|  93|0x00000000c5d00000, 0x00000000c5d00000, 0x00000000c5e00000|  0%| F|  |TAMS 0x00000000c5d00000, 0x00000000c5d00000| Untracked 
|  94|0x00000000c5e00000, 0x00000000c5e00000, 0x00000000c5f00000|  0%| F|  |TAMS 0x00000000c5e00000, 0x00000000c5e00000| Untracked 
|  95|0x00000000c5f00000, 0x00000000c5f00000, 0x00000000c6000000|  0%| F|  |TAMS 0x00000000c5f00000, 0x00000000c5f00000| Untracked 
|  96|0x00000000c6000000, 0x00000000c6000000, 0x00000000c6100000|  0%| F|  |TAMS 0x00000000c6000000, 0x00000000c6000000| Untracked 
|  97|0x00000000c6100000, 0x00000000c6100000, 0x00000000c6200000|  0%| F|  |TAMS 0x00000000c6100000, 0x00000000c6100000| Untracked 
|  98|0x00000000c6200000, 0x00000000c6200000, 0x00000000c6300000|  0%| F|  |TAMS 0x00000000c6200000, 0x00000000c6200000| Untracked 
|  99|0x00000000c6300000, 0x00000000c6300000, 0x00000000c6400000|  0%| F|  |TAMS 0x00000000c6300000, 0x00000000c6300000| Untracked 
| 100|0x00000000c6400000, 0x00000000c6400000, 0x00000000c6500000|  0%| F|  |TAMS 0x00000000c6400000, 0x00000000c6400000| Untracked 
| 101|0x00000000c6500000, 0x00000000c6500000, 0x00000000c6600000|  0%| F|  |TAMS 0x00000000c6500000, 0x00000000c6500000| Untracked 
| 102|0x00000000c6600000, 0x00000000c6600000, 0x00000000c6700000|  0%| F|  |TAMS 0x00000000c6600000, 0x00000000c6600000| Untracked 
| 103|0x00000000c6700000, 0x00000000c6700000, 0x00000000c6800000|  0%| F|  |TAMS 0x00000000c6700000, 0x00000000c6700000| Untracked 
| 104|0x00000000c6800000, 0x00000000c6800000, 0x00000000c6900000|  0%| F|  |TAMS 0x00000000c6800000, 0x00000000c6800000| Untracked 
| 105|0x00000000c6900000, 0x00000000c6900000, 0x00000000c6a00000|  0%| F|  |TAMS 0x00000000c6900000, 0x00000000c6900000| Untracked 
| 106|0x00000000c6a00000, 0x00000000c6a00000, 0x00000000c6b00000|  0%| F|  |TAMS 0x00000000c6a00000, 0x00000000c6a00000| Untracked 
| 107|0x00000000c6b00000, 0x00000000c6b00000, 0x00000000c6c00000|  0%| F|  |TAMS 0x00000000c6b00000, 0x00000000c6b00000| Untracked 
| 108|0x00000000c6c00000, 0x00000000c6c00000, 0x00000000c6d00000|  0%| F|  |TAMS 0x00000000c6c00000, 0x00000000c6c00000| Untracked 
| 109|0x00000000c6d00000, 0x00000000c6d00000, 0x00000000c6e00000|  0%| F|  |TAMS 0x00000000c6d00000, 0x00000000c6d00000| Untracked 
| 110|0x00000000c6e00000, 0x00000000c6e00000, 0x00000000c6f00000|  0%| F|  |TAMS 0x00000000c6e00000, 0x00000000c6e00000| Untracked 
| 111|0x00000000c6f00000, 0x00000000c6f02250, 0x00000000c7000000|  0%| O|  |TAMS 0x00000000c6f00000, 0x00000000c6f00000| Untracked 
| 112|0x00000000c7000000, 0x00000000c7000000, 0x00000000c7100000|  0%| F|  |TAMS 0x00000000c7000000, 0x00000000c7000000| Untracked 
| 113|0x00000000c7100000, 0x00000000c7100000, 0x00000000c7200000|  0%| F|  |TAMS 0x00000000c7100000, 0x00000000c7100000| Untracked 
| 114|0x00000000c7200000, 0x00000000c7200000, 0x00000000c7300000|  0%| F|  |TAMS 0x00000000c7200000, 0x00000000c7200000| Untracked 
| 115|0x00000000c7300000, 0x00000000c7300000, 0x00000000c7400000|  0%| F|  |TAMS 0x00000000c7300000, 0x00000000c7300000| Untracked 
| 116|0x00000000c7400000, 0x00000000c7400000, 0x00000000c7500000|  0%| F|  |TAMS 0x00000000c7400000, 0x00000000c7400000| Untracked 
| 117|0x00000000c7500000, 0x00000000c7500000, 0x00000000c7600000|  0%| F|  |TAMS 0x00000000c7500000, 0x00000000c7500000| Untracked 
| 118|0x00000000c7600000, 0x00000000c7600000, 0x00000000c7700000|  0%| F|  |TAMS 0x00000000c7600000, 0x00000000c7600000| Untracked 
| 119|0x00000000c7700000, 0x00000000c7700000, 0x00000000c7800000|  0%| F|  |TAMS 0x00000000c7700000, 0x00000000c7700000| Untracked 
| 120|0x00000000c7800000, 0x00000000c7800000, 0x00000000c7900000|  0%| F|  |TAMS 0x00000000c7800000, 0x00000000c7800000| Untracked 
| 121|0x00000000c7900000, 0x00000000c7900000, 0x00000000c7a00000|  0%| F|  |TAMS 0x00000000c7900000, 0x00000000c7900000| Untracked 
| 122|0x00000000c7a00000, 0x00000000c7a00000, 0x00000000c7b00000|  0%| F|  |TAMS 0x00000000c7a00000, 0x00000000c7a00000| Untracked 
| 123|0x00000000c7b00000, 0x00000000c7b00000, 0x00000000c7c00000|  0%| F|  |TAMS 0x00000000c7b00000, 0x00000000c7b00000| Untracked 
| 124|0x00000000c7c00000, 0x00000000c7c00000, 0x00000000c7d00000|  0%| F|  |TAMS 0x00000000c7c00000, 0x00000000c7c00000| Untracked 
| 125|0x00000000c7d00000, 0x00000000c7d00000, 0x00000000c7e00000|  0%| F|  |TAMS 0x00000000c7d00000, 0x00000000c7d00000| Untracked 
| 126|0x00000000c7e00000, 0x00000000c7e00000, 0x00000000c7f00000|  0%| F|  |TAMS 0x00000000c7e00000, 0x00000000c7e00000| Untracked 
| 127|0x00000000c7f00000, 0x00000000c7f00000, 0x00000000c8000000|  0%| F|  |TAMS 0x00000000c7f00000, 0x00000000c7f00000| Untracked 
| 128|0x00000000c8000000, 0x00000000c8000000, 0x00000000c8100000|  0%| F|  |TAMS 0x00000000c8000000, 0x00000000c8000000| Untracked 
| 129|0x00000000c8100000, 0x00000000c8100000, 0x00000000c8200000|  0%| F|  |TAMS 0x00000000c8100000, 0x00000000c8100000| Untracked 
| 130|0x00000000c8200000, 0x00000000c8200000, 0x00000000c8300000|  0%| F|  |TAMS 0x00000000c8200000, 0x00000000c8200000| Untracked 
| 131|0x00000000c8300000, 0x00000000c8300000, 0x00000000c8400000|  0%| F|  |TAMS 0x00000000c8300000, 0x00000000c8300000| Untracked 
| 132|0x00000000c8400000, 0x00000000c8400000, 0x00000000c8500000|  0%| F|  |TAMS 0x00000000c8400000, 0x00000000c8400000| Untracked 
| 133|0x00000000c8500000, 0x00000000c85090d0, 0x00000000c8600000|  3%| E|  |TAMS 0x00000000c8500000, 0x00000000c8500000| Complete 

Card table byte_map: [0x000001c878660000,0x000001c878860000] _byte_map_base: 0x000001c878060000

Marking Bits (Prev, Next): (CMBitMap*) 0x000001c8726f79f0, (CMBitMap*) 0x000001c8726f79b0
 Prev Bits: [0x000001c879a60000, 0x000001c87aa60000)
 Next Bits: [0x000001c878a60000, 0x000001c879a60000)

Polling page: 0x000001c8705f0000

Metaspace:

Usage:
  Non-class:     52.57 MB used.
      Class:      7.27 MB used.
       Both:     59.84 MB used.

Virtual space:
  Non-class space:       64.00 MB reserved,      52.81 MB ( 83%) committed,  1 nodes.
      Class space:        1.00 GB reserved,       7.50 MB ( <1%) committed,  1 nodes.
             Both:        1.06 GB reserved,      60.31 MB (  6%) committed. 

Chunk freelists:
   Non-Class:  10.49 MB
       Class:  8.38 MB
        Both:  18.87 MB

MaxMetaspaceSize: unlimited
CompressedClassSpaceSize: 1.00 GB
Initial GC threshold: 21.00 MB
Current GC threshold: 100.44 MB
CDS: off
MetaspaceReclaimPolicy: balanced
 - commit_granule_bytes: 65536.
 - commit_granule_words: 8192.
 - virtual_space_node_default_size: 8388608.
 - enlarge_chunks_in_place: 1.
 - new_chunks_are_fully_committed: 0.
 - uncommit_free_chunks: 1.
 - use_allocation_guard: 0.
 - handle_deallocations: 1.


Internal statistics:

num_allocs_failed_limit: 8.
num_arena_births: 754.
num_arena_deaths: 266.
num_vsnodes_births: 2.
num_vsnodes_deaths: 0.
num_space_committed: 964.
num_space_uncommitted: 0.
num_chunks_returned_to_freelist: 326.
num_chunks_taken_from_freelist: 2718.
num_chunk_merges: 93.
num_chunk_splits: 1831.
num_chunks_enlarged: 1395.
num_inconsistent_stats: 0.

CodeCache: size=49152Kb used=13140Kb max_used=14514Kb free=36011Kb
 bounds [0x000001c875340000, 0x000001c8761d0000, 0x000001c878340000]
 total_blobs=7796 nmethods=7115 adapters=608
 compilation: enabled
              stopped_count=0, restarted_count=0
 full_count=0

Compilation events (20 events):
Event: 1464.428 Thread 0x000001c87d5c5f00 7107   !   1       java.lang.ProcessBuilder::start (430 bytes)
Event: 1464.433 Thread 0x000001c87d5c5f00 nmethod 7107 0x000001c875f9fc10 code [0x000001c875f9ffa0, 0x000001c875fa0fa8]
Event: 1484.807 Thread 0x000001c87d5c5f00 7108       1       java.util.StringTokenizer::countTokens (46 bytes)
Event: 1484.807 Thread 0x000001c87d5c5f00 nmethod 7108 0x000001c875f9f810 code [0x000001c875f9f9c0, 0x000001c875f9fb18]
Event: 1627.466 Thread 0x000001c87d5c5f00 7109       1       java.lang.Runtime::getRuntime (4 bytes)
Event: 1627.467 Thread 0x000001c87d5c5f00 nmethod 7109 0x000001c875f9f510 code [0x000001c875f9f6a0, 0x000001c875f9f758]
Event: 1719.080 Thread 0x000001c87d5c5f00 7110       1       java.io.FileInputStream::<init> (59 bytes)
Event: 1719.081 Thread 0x000001c87d5c5f00 nmethod 7110 0x000001c875f9ec10 code [0x000001c875f9ee00, 0x000001c875f9f2c8]
Event: 1719.081 Thread 0x000001c87d5c5f00 7111       1       java.lang.Process$PipeInputStream::<init> (6 bytes)
Event: 1719.081 Thread 0x000001c87d5c5f00 nmethod 7111 0x000001c875f9e910 code [0x000001c875f9eaa0, 0x000001c875f9eb88]
Event: 1719.218 Thread 0x000001c87d5c5f00 7112       1       java.lang.ProcessImpl::exitValue (28 bytes)
Event: 1719.245 Thread 0x000001c87d5c5f00 nmethod 7112 0x000001c875f9e510 code [0x000001c875f9e6c0, 0x000001c875f9e818]
Event: 1719.245 Thread 0x000001c87d5c5f00 7115   !   1       com.google.common.io.Closeables::closeQuietly (19 bytes)
Event: 1719.246 Thread 0x000001c87d5c5f00 nmethod 7115 0x000001c875f9e110 code [0x000001c875f9e2c0, 0x000001c875f9e438]
Event: 1719.246 Thread 0x000001c87d5c5f00 7113       1       java.lang.ProcessImpl::getInputStream (5 bytes)
Event: 1719.246 Thread 0x000001c87d5c5f00 nmethod 7113 0x000001c875f9de10 code [0x000001c875f9dfa0, 0x000001c875f9e078]
Event: 1719.246 Thread 0x000001c87d5c5f00 7114       1       java.lang.ProcessImpl::getErrorStream (5 bytes)
Event: 1719.246 Thread 0x000001c87d5c5f00 nmethod 7114 0x000001c875f9db10 code [0x000001c875f9dca0, 0x000001c875f9dd78]
Event: 1719.246 Thread 0x000001c87d5c5f00 7116       1       java.lang.ProcessImpl::getOutputStream (5 bytes)
Event: 1719.246 Thread 0x000001c87d5c5f00 nmethod 7116 0x000001c875f9d810 code [0x000001c875f9d9a0, 0x000001c875f9da78]

GC Heap History (20 events):
Event: 1963.599 GC heap before
{Heap before GC invocations=182 (full 151):
 garbage-first heap   total 137216K, used 39932K [0x00000000c0000000, 0x0000000100000000)
  region size 1024K, 1 young (1024K), 0 survivors (0K)
 Metaspace       used 61279K, committed 61760K, reserved 1114112K
  class space    used 7448K, committed 7680K, reserved 1048576K
}
Event: 1963.618 GC heap after
{Heap after GC invocations=183 (full 152):
 garbage-first heap   total 137216K, used 39932K [0x00000000c0000000, 0x0000000100000000)
  region size 1024K, 0 young (0K), 0 survivors (0K)
 Metaspace       used 61279K, committed 61760K, reserved 1114112K
  class space    used 7448K, committed 7680K, reserved 1048576K
}
Event: 1973.787 GC heap before
{Heap before GC invocations=183 (full 152):
 garbage-first heap   total 137216K, used 39932K [0x00000000c0000000, 0x0000000100000000)
  region size 1024K, 1 young (1024K), 0 survivors (0K)
 Metaspace       used 61279K, committed 61760K, reserved 1114112K
  class space    used 7448K, committed 7680K, reserved 1048576K
}
Event: 1973.807 GC heap after
{Heap after GC invocations=184 (full 153):
 garbage-first heap   total 137216K, used 39932K [0x00000000c0000000, 0x0000000100000000)
  region size 1024K, 0 young (0K), 0 survivors (0K)
 Metaspace       used 61279K, committed 61760K, reserved 1114112K
  class space    used 7448K, committed 7680K, reserved 1048576K
}
Event: 1983.965 GC heap before
{Heap before GC invocations=184 (full 153):
 garbage-first heap   total 137216K, used 39932K [0x00000000c0000000, 0x0000000100000000)
  region size 1024K, 1 young (1024K), 0 survivors (0K)
 Metaspace       used 61279K, committed 61760K, reserved 1114112K
  class space    used 7448K, committed 7680K, reserved 1048576K
}
Event: 1983.984 GC heap after
{Heap after GC invocations=185 (full 154):
 garbage-first heap   total 137216K, used 39932K [0x00000000c0000000, 0x0000000100000000)
  region size 1024K, 0 young (0K), 0 survivors (0K)
 Metaspace       used 61279K, committed 61760K, reserved 1114112K
  class space    used 7448K, committed 7680K, reserved 1048576K
}
Event: 1994.136 GC heap before
{Heap before GC invocations=185 (full 154):
 garbage-first heap   total 137216K, used 39932K [0x00000000c0000000, 0x0000000100000000)
  region size 1024K, 1 young (1024K), 0 survivors (0K)
 Metaspace       used 61279K, committed 61760K, reserved 1114112K
  class space    used 7448K, committed 7680K, reserved 1048576K
}
Event: 1994.154 GC heap after
{Heap after GC invocations=186 (full 155):
 garbage-first heap   total 137216K, used 39932K [0x00000000c0000000, 0x0000000100000000)
  region size 1024K, 0 young (0K), 0 survivors (0K)
 Metaspace       used 61279K, committed 61760K, reserved 1114112K
  class space    used 7448K, committed 7680K, reserved 1048576K
}
Event: 2004.305 GC heap before
{Heap before GC invocations=186 (full 155):
 garbage-first heap   total 137216K, used 39932K [0x00000000c0000000, 0x0000000100000000)
  region size 1024K, 1 young (1024K), 0 survivors (0K)
 Metaspace       used 61279K, committed 61760K, reserved 1114112K
  class space    used 7448K, committed 7680K, reserved 1048576K
}
Event: 2004.327 GC heap after
{Heap after GC invocations=187 (full 156):
 garbage-first heap   total 137216K, used 39932K [0x00000000c0000000, 0x0000000100000000)
  region size 1024K, 0 young (0K), 0 survivors (0K)
 Metaspace       used 61279K, committed 61760K, reserved 1114112K
  class space    used 7448K, committed 7680K, reserved 1048576K
}
Event: 2014.476 GC heap before
{Heap before GC invocations=187 (full 156):
 garbage-first heap   total 137216K, used 39932K [0x00000000c0000000, 0x0000000100000000)
  region size 1024K, 1 young (1024K), 0 survivors (0K)
 Metaspace       used 61279K, committed 61760K, reserved 1114112K
  class space    used 7448K, committed 7680K, reserved 1048576K
}
Event: 2014.494 GC heap after
{Heap after GC invocations=188 (full 157):
 garbage-first heap   total 137216K, used 39932K [0x00000000c0000000, 0x0000000100000000)
  region size 1024K, 0 young (0K), 0 survivors (0K)
 Metaspace       used 61279K, committed 61760K, reserved 1114112K
  class space    used 7448K, committed 7680K, reserved 1048576K
}
Event: 2024.650 GC heap before
{Heap before GC invocations=188 (full 157):
 garbage-first heap   total 137216K, used 39932K [0x00000000c0000000, 0x0000000100000000)
  region size 1024K, 1 young (1024K), 0 survivors (0K)
 Metaspace       used 61279K, committed 61760K, reserved 1114112K
  class space    used 7448K, committed 7680K, reserved 1048576K
}
Event: 2024.671 GC heap after
{Heap after GC invocations=189 (full 158):
 garbage-first heap   total 137216K, used 39932K [0x00000000c0000000, 0x0000000100000000)
  region size 1024K, 0 young (0K), 0 survivors (0K)
 Metaspace       used 61279K, committed 61760K, reserved 1114112K
  class space    used 7448K, committed 7680K, reserved 1048576K
}
Event: 2034.836 GC heap before
{Heap before GC invocations=189 (full 158):
 garbage-first heap   total 137216K, used 39932K [0x00000000c0000000, 0x0000000100000000)
  region size 1024K, 1 young (1024K), 0 survivors (0K)
 Metaspace       used 61279K, committed 61760K, reserved 1114112K
  class space    used 7448K, committed 7680K, reserved 1048576K
}
Event: 2034.855 GC heap after
{Heap after GC invocations=190 (full 159):
 garbage-first heap   total 137216K, used 39932K [0x00000000c0000000, 0x0000000100000000)
  region size 1024K, 0 young (0K), 0 survivors (0K)
 Metaspace       used 61279K, committed 61760K, reserved 1114112K
  class space    used 7448K, committed 7680K, reserved 1048576K
}
Event: 2044.999 GC heap before
{Heap before GC invocations=190 (full 159):
 garbage-first heap   total 137216K, used 39932K [0x00000000c0000000, 0x0000000100000000)
  region size 1024K, 1 young (1024K), 0 survivors (0K)
 Metaspace       used 61279K, committed 61760K, reserved 1114112K
  class space    used 7448K, committed 7680K, reserved 1048576K
}
Event: 2045.017 GC heap after
{Heap after GC invocations=191 (full 160):
 garbage-first heap   total 137216K, used 39932K [0x00000000c0000000, 0x0000000100000000)
  region size 1024K, 0 young (0K), 0 survivors (0K)
 Metaspace       used 61279K, committed 61760K, reserved 1114112K
  class space    used 7448K, committed 7680K, reserved 1048576K
}
Event: 2055.181 GC heap before
{Heap before GC invocations=191 (full 160):
 garbage-first heap   total 137216K, used 39932K [0x00000000c0000000, 0x0000000100000000)
  region size 1024K, 1 young (1024K), 0 survivors (0K)
 Metaspace       used 61279K, committed 61760K, reserved 1114112K
  class space    used 7448K, committed 7680K, reserved 1048576K
}
Event: 2055.202 GC heap after
{Heap after GC invocations=192 (full 161):
 garbage-first heap   total 137216K, used 39932K [0x00000000c0000000, 0x0000000100000000)
  region size 1024K, 0 young (0K), 0 survivors (0K)
 Metaspace       used 61279K, committed 61760K, reserved 1114112K
  class space    used 7448K, committed 7680K, reserved 1048576K
}

Dll operation events (10 events):
Event: 0.021 Loaded shared library c:\Users\gjw2\.vscode\extensions\redhat.java-1.33.0-win32-x64\jre\17.0.11-win32-x86_64\bin\java.dll
Event: 0.384 Loaded shared library C:\Users\gjw2\.vscode\extensions\redhat.java-1.33.0-win32-x64\jre\17.0.11-win32-x86_64\bin\net.dll
Event: 0.389 Loaded shared library C:\Users\gjw2\.vscode\extensions\redhat.java-1.33.0-win32-x64\jre\17.0.11-win32-x86_64\bin\nio.dll
Event: 0.398 Loaded shared library C:\Users\gjw2\.vscode\extensions\redhat.java-1.33.0-win32-x64\jre\17.0.11-win32-x86_64\bin\zip.dll
Event: 0.956 Loaded shared library C:\Users\gjw2\.vscode\extensions\redhat.java-1.33.0-win32-x64\jre\17.0.11-win32-x86_64\bin\jimage.dll
Event: 3.070 Loaded shared library c:\Users\gjw2\.vscode\extensions\redhat.java-1.33.0-win32-x64\jre\17.0.11-win32-x86_64\bin\verify.dll
Event: 5.406 Loaded shared library C:\Users\gjw2\.vscode\extensions\redhat.java-1.33.0-win32-x64\jre\17.0.11-win32-x86_64\bin\management.dll
Event: 5.410 Loaded shared library C:\Users\gjw2\.vscode\extensions\redhat.java-1.33.0-win32-x64\jre\17.0.11-win32-x86_64\bin\management_ext.dll
Event: 7.152 Loaded shared library C:\Users\gjw2\.vscode\extensions\redhat.java-1.33.0-win32-x64\jre\17.0.11-win32-x86_64\bin\sunmscapi.dll
Event: 7.447 Loaded shared library C:\Users\gjw2\.vscode\extensions\redhat.java-1.33.0-win32-x64\jre\17.0.11-win32-x86_64\bin\extnet.dll

Deoptimization events (20 events):
Event: 6.025 Thread 0x000001c87ec62930 DEOPT PACKING pc=0x000001c875911881 sp=0x000000423b2fdca0
Event: 6.025 Thread 0x000001c87ec62930 DEOPT UNPACKING pc=0x000001c875397143 sp=0x000000423b2fd130 mode 3
Event: 6.027 Thread 0x000001c87ec61a00 DEOPT PACKING pc=0x000001c8758f2697 sp=0x000000423b8ff390
Event: 6.027 Thread 0x000001c87ec61a00 DEOPT UNPACKING pc=0x000001c875397143 sp=0x000000423b8fe7e8 mode 3
Event: 7.257 Thread 0x000001c87d66c7e0 DEOPT PACKING pc=0x000001c8755ba98c sp=0x000000423c9fa990
Event: 7.257 Thread 0x000001c87d66c7e0 DEOPT UNPACKING pc=0x000001c875397143 sp=0x000000423c9f9e58 mode 0
Event: 7.584 Thread 0x000001c87d66e130 DEOPT PACKING pc=0x000001c875ad0424 sp=0x000000423c2fec90
Event: 7.584 Thread 0x000001c87d66ff90 DEOPT PACKING pc=0x000001c875ad0424 sp=0x000000423c6ff170
Event: 7.584 Thread 0x000001c87d66e130 DEOPT UNPACKING pc=0x000001c875397143 sp=0x000000423c2fe178 mode 0
Event: 7.584 Thread 0x000001c87d66ff90 DEOPT UNPACKING pc=0x000001c875397143 sp=0x000000423c6fe658 mode 0
Event: 58.317 Thread 0x000001c87ec62930 DEOPT PACKING pc=0x000001c8759e9754 sp=0x000000423b2fee80
Event: 58.317 Thread 0x000001c87ec62930 DEOPT UNPACKING pc=0x000001c875397143 sp=0x000000423b2fe328 mode 0
Event: 107.892 Thread 0x000001c87d671df0 DEOPT PACKING pc=0x000001c875be530c sp=0x000000423c0fe6a0
Event: 107.892 Thread 0x000001c87d671df0 DEOPT UNPACKING pc=0x000001c875397143 sp=0x000000423c0fdc20 mode 0
Event: 107.892 Thread 0x000001c87d671df0 DEOPT PACKING pc=0x000001c875be530c sp=0x000000423c0fe900
Event: 107.892 Thread 0x000001c87d671df0 DEOPT UNPACKING pc=0x000001c875397143 sp=0x000000423c0fde80 mode 0
Event: 107.892 Thread 0x000001c87d671df0 DEOPT PACKING pc=0x000001c875be530c sp=0x000000423c0fed80
Event: 107.892 Thread 0x000001c87d671df0 DEOPT UNPACKING pc=0x000001c875397143 sp=0x000000423c0fe300 mode 0
Event: 125.147 Thread 0x000001c87d6704a0 DEOPT PACKING pc=0x000001c8758e8452 sp=0x00000042390fdb90
Event: 125.147 Thread 0x000001c87d6704a0 DEOPT UNPACKING pc=0x000001c875397143 sp=0x00000042390fd098 mode 3

Classes unloaded (20 events):
Event: 165.070 Thread 0x000001c87d490250 Unloading class 0x0000000100330400 'java/lang/invoke/LambdaForm$MH+0x0000000100330400'
Event: 165.070 Thread 0x000001c87d490250 Unloading class 0x00000001003a9400 'java/lang/invoke/LambdaForm$MH+0x00000001003a9400'
Event: 165.070 Thread 0x000001c87d490250 Unloading class 0x00000001003ab400 'java/lang/invoke/LambdaForm$MH+0x00000001003ab400'
Event: 165.070 Thread 0x000001c87d490250 Unloading class 0x00000001003ac400 'java/lang/invoke/LambdaForm$MH+0x00000001003ac400'
Event: 165.070 Thread 0x000001c87d490250 Unloading class 0x00000001003b1c00 'java/lang/invoke/LambdaForm$DMH+0x00000001003b1c00'
Event: 165.070 Thread 0x000001c87d490250 Unloading class 0x00000001003b2c00 'java/lang/invoke/LambdaForm$DMH+0x00000001003b2c00'
Event: 165.070 Thread 0x000001c87d490250 Unloading class 0x00000001003b8800 'java/lang/invoke/LambdaForm$DMH+0x00000001003b8800'
Event: 266.107 Thread 0x000001c87d490250 Unloading class 0x0000000100268c00 'java/lang/invoke/LambdaForm$MH+0x0000000100268c00'
Event: 266.107 Thread 0x000001c87d490250 Unloading class 0x00000001003a8000 'java/lang/invoke/LambdaForm$MH+0x00000001003a8000'
Event: 266.107 Thread 0x000001c87d490250 Unloading class 0x00000001003aa000 'java/lang/invoke/LambdaForm$MH+0x00000001003aa000'
Event: 266.107 Thread 0x000001c87d490250 Unloading class 0x0000000100410000 'java/lang/invoke/LambdaForm$MH+0x0000000100410000'
Event: 266.107 Thread 0x000001c87d490250 Unloading class 0x0000000100410800 'java/lang/invoke/LambdaForm$MH+0x0000000100410800'
Event: 266.107 Thread 0x000001c87d490250 Unloading class 0x0000000100434400 'java/lang/invoke/LambdaForm$MH+0x0000000100434400'
Event: 266.107 Thread 0x000001c87d490250 Unloading class 0x0000000100436000 'java/lang/invoke/LambdaForm$MH+0x0000000100436000'
Event: 266.107 Thread 0x000001c87d490250 Unloading class 0x0000000100494400 'java/lang/invoke/LambdaForm$MH+0x0000000100494400'
Event: 266.107 Thread 0x000001c87d490250 Unloading class 0x0000000100528400 'java/lang/invoke/LambdaForm$MH+0x0000000100528400'
Event: 266.107 Thread 0x000001c87d490250 Unloading class 0x0000000100575000 'java/lang/invoke/LambdaForm$MH+0x0000000100575000'
Event: 266.107 Thread 0x000001c87d490250 Unloading class 0x0000000100575800 'java/lang/invoke/LambdaForm$MH+0x0000000100575800'
Event: 266.107 Thread 0x000001c87d490250 Unloading class 0x0000000100590800 'java/lang/invoke/LambdaForm$MH+0x0000000100590800'
Event: 266.107 Thread 0x000001c87d490250 Unloading class 0x0000000100638800 'java/lang/invoke/LambdaForm$MH+0x0000000100638800'

Classes redefined (0 events):
No events

Internal exceptions (20 events):
Event: 6.442 Thread 0x000001c87d671df0 Exception <a 'sun/nio/fs/WindowsException'{0x00000000c383f970}> (0x00000000c383f970) 
thrown [s\src\hotspot\share\prims\jni.cpp, line 516]
Event: 6.654 Thread 0x000001c87d66a980 Exception <a 'java/lang/NoSuchMethodError'{0x00000000c55cf9b0}: 'java.lang.Object java.lang.invoke.Invokers$Holder.invoke_MT(java.lang.Object, java.lang.Object, java.lang.Object)'> (0x00000000c55cf9b0) 
thrown [s\src\hotspot\share\interpreter\linkResolver.cpp, line 759]
Event: 6.851 Thread 0x000001c87d66ae90 Exception <a 'java/lang/NoSuchMethodError'{0x00000000c3821da8}: 'java.lang.Object java.lang.invoke.DirectMethodHandle$Holder.newInvokeSpecial(java.lang.Object, java.lang.Object, java.lang.Object, java.lang.Object, java.lang.Object, long)'> (0x00000000c3821da8) 
thrown [s\src\hotspot\share\interpreter\linkResolver.cpp, line 759]
Event: 6.852 Thread 0x000001c87d66ae90 Exception <a 'java/lang/NoSuchMethodError'{0x00000000c38403d8}: 'java.lang.Object java.lang.invoke.DirectMethodHandle$Holder.invokeSpecial(java.lang.Object, java.lang.Object, java.lang.Object, java.lang.Object, java.lang.Object, java.lang.Object, long)'> (0x00000000c38403d8) 
thrown [s\src\hotspot\share\interpreter\linkResolver.cpp, line 759]
Event: 6.879 Thread 0x000001c87d66c7e0 Exception <a 'java/lang/NoSuchMethodError'{0x00000000c3693550}: 'void java.lang.invoke.DirectMethodHandle$Holder.invokeVirtual(java.lang.Object, java.lang.Object, java.lang.Object, java.lang.Object)'> (0x00000000c3693550) 
thrown [s\src\hotspot\share\interpreter\linkResolver.cpp, line 759]
Event: 7.010 Thread 0x000001c87d66c7e0 Exception <a 'java/lang/NoSuchMethodError'{0x00000000c4300098}: 'java.lang.Object java.lang.invoke.DirectMethodHandle$Holder.invokeStatic(java.lang.Object, java.lang.Object, int, java.lang.Object)'> (0x00000000c4300098) 
thrown [s\src\hotspot\share\interpreter\linkResolver.cpp, line 759]
Event: 7.011 Thread 0x000001c87d66c7e0 Exception <a 'java/lang/NoSuchMethodError'{0x00000000c4306490}: 'java.lang.Object java.lang.invoke.DirectMethodHandle$Holder.newInvokeSpecial(java.lang.Object, java.lang.Object, int)'> (0x00000000c4306490) 
thrown [s\src\hotspot\share\interpreter\linkResolver.cpp, line 759]
Event: 7.220 Thread 0x000001c87d66a980 Exception <a 'java/lang/IncompatibleClassChangeError'{0x00000000c7b2afb0}: Found class java.lang.Object, but interface was expected> (0x00000000c7b2afb0) 
thrown [s\src\hotspot\share\interpreter\linkResolver.cpp, line 826]
Event: 7.238 Thread 0x000001c87d66c7e0 Exception <a 'sun/nio/fs/WindowsException'{0x00000000c57a93f8}> (0x00000000c57a93f8) 
thrown [s\src\hotspot\share\prims\jni.cpp, line 516]
Event: 7.308 Thread 0x000001c87d66a980 Exception <a 'java/lang/NoSuchMethodError'{0x00000000c3e512f8}: 'int java.lang.invoke.DirectMethodHandle$Holder.invokeSpecialIFC(java.lang.Object, java.lang.Object, java.lang.Object)'> (0x00000000c3e512f8) 
thrown [s\src\hotspot\share\interpreter\linkResolver.cpp, line 759]
Event: 7.433 Thread 0x000001c87d66a980 Exception <a 'java/lang/NoSuchMethodError'{0x00000000c5302bf0}: 'java.lang.Object java.lang.invoke.DirectMethodHandle$Holder.newInvokeSpecial(java.lang.Object, java.lang.Object, int, java.lang.Object)'> (0x00000000c5302bf0) 
thrown [s\src\hotspot\share\interpreter\linkResolver.cpp, line 759]
Event: 7.433 Thread 0x000001c87d66a980 Exception <a 'java/lang/NoSuchMethodError'{0x00000000c53067b8}: 'java.lang.Object java.lang.invoke.Invokers$Holder.linkToTargetMethod(java.lang.Object, int, java.lang.Object, java.lang.Object)'> (0x00000000c53067b8) 
thrown [s\src\hotspot\share\interpreter\linkResolver.cpp, line 759]
Event: 7.434 Thread 0x000001c87d66a980 Exception <a 'java/lang/NoSuchMethodError'{0x00000000c530a188}: 'void java.lang.invoke.DirectMethodHandle$Holder.invokeStatic(java.lang.Object, int, java.lang.Object)'> (0x00000000c530a188) 
thrown [s\src\hotspot\share\interpreter\linkResolver.cpp, line 759]
Event: 7.450 Thread 0x000001c87d66a980 Exception <a 'java/lang/NoSuchMethodError'{0x00000000c44292c0}: 'int java.lang.invoke.DirectMethodHandle$Holder.invokeStatic(java.lang.Object, int, java.lang.Object)'> (0x00000000c44292c0) 
thrown [s\src\hotspot\share\interpreter\linkResolver.cpp, line 759]
Event: 8.659 Thread 0x000001c87d66dc20 Exception <a 'java/lang/NoSuchMethodError'{0x00000000c466b8e0}: 'void java.lang.invoke.DirectMethodHandle$Holder.invokeStatic(java.lang.Object, java.lang.Object, java.lang.Object, java.lang.Object, java.lang.Object, java.lang.Object, java.lang.Object)'> (0x00000000c466b8e0) 
thrown [s\src\hotspot\share\interpreter\linkResolver.cpp, line 759]
Event: 55.432 Thread 0x000001c87ec63350 Exception <a 'java/lang/NoSuchMethodError'{0x00000000c4555040}: 'void java.lang.invoke.DirectMethodHandle$Holder.invokeStatic(java.lang.Object, long)'> (0x00000000c4555040) 
thrown [s\src\hotspot\share\interpreter\linkResolver.cpp, line 759]
Event: 55.432 Thread 0x000001c87ec63350 Exception <a 'java/lang/NoSuchMethodError'{0x00000000c455a3f0}: 'java.lang.Object java.lang.invoke.DirectMethodHandle$Holder.newInvokeSpecial(java.lang.Object, long)'> (0x00000000c455a3f0) 
thrown [s\src\hotspot\share\interpreter\linkResolver.cpp, line 759]
Event: 308.101 Thread 0x000001c87d66b3a0 Exception <a 'java/io/IOException'{0x00000000c8873450}> (0x00000000c8873450) 
thrown [s\src\hotspot\share\prims\jni.cpp, line 516]
Event: 308.300 Thread 0x000001c87d6709b0 Exception <a 'java/io/IOException'{0x00000000c88844c8}> (0x00000000c88844c8) 
thrown [s\src\hotspot\share\prims\jni.cpp, line 516]
Event: 308.630 Thread 0x000001c87d66bdc0 Exception <a 'java/io/IOException'{0x00000000c8891cc8}> (0x00000000c8891cc8) 
thrown [s\src\hotspot\share\prims\jni.cpp, line 516]

VM Operations (20 events):
Event: 1963.619 Executing VM operation: G1CollectFull done
Event: 1973.787 Executing VM operation: G1CollectFull
Event: 1973.807 Executing VM operation: G1CollectFull done
Event: 1983.965 Executing VM operation: G1CollectFull
Event: 1983.985 Executing VM operation: G1CollectFull done
Event: 1994.136 Executing VM operation: G1CollectFull
Event: 1994.154 Executing VM operation: G1CollectFull done
Event: 2004.304 Executing VM operation: G1CollectFull
Event: 2004.327 Executing VM operation: G1CollectFull done
Event: 2014.476 Executing VM operation: G1CollectFull
Event: 2014.495 Executing VM operation: G1CollectFull done
Event: 2024.650 Executing VM operation: G1CollectFull
Event: 2024.671 Executing VM operation: G1CollectFull done
Event: 2034.836 Executing VM operation: G1CollectFull
Event: 2034.856 Executing VM operation: G1CollectFull done
Event: 2044.999 Executing VM operation: G1CollectFull
Event: 2045.017 Executing VM operation: G1CollectFull done
Event: 2055.181 Executing VM operation: G1CollectFull
Event: 2055.202 Executing VM operation: G1CollectFull done
Event: 2065.248 Executing VM operation: G1CollectFull

Events (20 events):
Event: 313.158 Thread 0x000001c87d670ec0 Thread exited: 0x000001c87d670ec0
Event: 368.103 Thread 0x000001c87d66c2d0 Thread exited: 0x000001c87d66c2d0
Event: 368.306 Thread 0x000001c87d6709b0 Thread exited: 0x000001c87d6709b0
Event: 368.306 Thread 0x000001c87d66c7e0 Thread exited: 0x000001c87d66c7e0
Event: 368.632 Thread 0x000001c87d66bdc0 Thread exited: 0x000001c87d66bdc0
Event: 368.633 Thread 0x000001c87d66b3a0 Thread exited: 0x000001c87d66b3a0
Event: 373.164 Thread 0x000001c87d66e130 Thread exited: 0x000001c87d66e130
Event: 384.430 Thread 0x000001c87d66f570 Thread added: 0x000001c87d66f570
Event: 384.432 Thread 0x000001c87d66fa80 Thread added: 0x000001c87d66fa80
Event: 384.750 Thread 0x000001c87d66e130 Thread added: 0x000001c87d66e130
Event: 411.939 Thread 0x000001c87d66b3a0 Thread added: 0x000001c87d66b3a0
Event: 444.455 Thread 0x000001c87d66fa80 Thread exited: 0x000001c87d66fa80
Event: 445.637 Thread 0x000001c87d66a980 Thread added: 0x000001c87d66a980
Event: 471.946 Thread 0x000001c87d66b3a0 Thread exited: 0x000001c87d66b3a0
Event: 481.214 Thread 0x000001c87d66c2d0 Thread added: 0x000001c87d66c2d0
Event: 505.969 Thread 0x000001c87d66f570 Thread exited: 0x000001c87d66f570
Event: 506.327 Thread 0x000001c87d66a980 Thread exited: 0x000001c87d66a980
Event: 511.550 Thread 0x000001c87d66ff90 Thread exited: 0x000001c87d66ff90
Event: 511.550 Thread 0x000001c87d66e130 Thread exited: 0x000001c87d66e130
Event: 541.961 Thread 0x000001c87d66c2d0 Thread exited: 0x000001c87d66c2d0


Dynamic libraries:
0x00007ff694d00000 - 0x00007ff694d0e000 	c:\Users\gjw2\.vscode\extensions\redhat.java-1.33.0-win32-x64\jre\17.0.11-win32-x86_64\bin\java.exe
0x00007ffa6bef0000 - 0x00007ffa6c107000 	C:\windows\SYSTEM32\ntdll.dll
0x00007ffa6aab0000 - 0x00007ffa6ab74000 	C:\windows\System32\KERNEL32.DLL
0x00007ffa69250000 - 0x00007ffa695fd000 	C:\windows\System32\KERNELBASE.dll
0x00007ffa69aa0000 - 0x00007ffa69bb1000 	C:\windows\System32\ucrtbase.dll
0x00007ffa37d70000 - 0x00007ffa37d8b000 	c:\Users\gjw2\.vscode\extensions\redhat.java-1.33.0-win32-x64\jre\17.0.11-win32-x86_64\bin\VCRUNTIME140.dll
0x00007ffa3b1a0000 - 0x00007ffa3b1b7000 	c:\Users\gjw2\.vscode\extensions\redhat.java-1.33.0-win32-x64\jre\17.0.11-win32-x86_64\bin\jli.dll
0x00007ffa6b770000 - 0x00007ffa6b91e000 	C:\windows\System32\USER32.dll
0x00007ffa69760000 - 0x00007ffa69786000 	C:\windows\System32\win32u.dll
0x00007ffa6aa80000 - 0x00007ffa6aaa9000 	C:\windows\System32\GDI32.dll
0x00007ffa69790000 - 0x00007ffa698a9000 	C:\windows\System32\gdi32full.dll
0x00007ffa696c0000 - 0x00007ffa6975a000 	C:\windows\System32\msvcp_win.dll
0x00007ffa3d4b0000 - 0x00007ffa3d743000 	C:\windows\WinSxS\amd64_microsoft.windows.common-controls_6595b64144ccf1df_6.0.22621.3672_none_2713b9d173822955\COMCTL32.dll
0x00007ffa6a930000 - 0x00007ffa6a9d7000 	C:\windows\System32\msvcrt.dll
0x00007ffa6a9e0000 - 0x00007ffa6aa11000 	C:\windows\System32\IMM32.DLL
0x00007ffa661d0000 - 0x00007ffa661dc000 	c:\Users\gjw2\.vscode\extensions\redhat.java-1.33.0-win32-x64\jre\17.0.11-win32-x86_64\bin\vcruntime140_1.dll
0x00007ffa2fab0000 - 0x00007ffa2fb3d000 	c:\Users\gjw2\.vscode\extensions\redhat.java-1.33.0-win32-x64\jre\17.0.11-win32-x86_64\bin\msvcp140.dll
0x00007ff9f1ee0000 - 0x00007ff9f2b42000 	c:\Users\gjw2\.vscode\extensions\redhat.java-1.33.0-win32-x64\jre\17.0.11-win32-x86_64\bin\server\jvm.dll
0x00007ffa6b920000 - 0x00007ffa6b9d2000 	C:\windows\System32\ADVAPI32.dll
0x00007ffa6afb0000 - 0x00007ffa6b059000 	C:\windows\System32\sechost.dll
0x00007ffa69220000 - 0x00007ffa69248000 	C:\windows\System32\bcrypt.dll
0x00007ffa6b060000 - 0x00007ffa6b174000 	C:\windows\System32\RPCRT4.dll
0x00007ffa68070000 - 0x00007ffa680bd000 	C:\windows\SYSTEM32\POWRPROF.dll
0x00007ffa5b680000 - 0x00007ffa5b689000 	C:\windows\SYSTEM32\WSOCK32.dll
0x00007ffa6af30000 - 0x00007ffa6afa1000 	C:\windows\System32\WS2_32.dll
0x00007ffa595f0000 - 0x00007ffa59624000 	C:\windows\SYSTEM32\WINMM.dll
0x00007ffa5fb90000 - 0x00007ffa5fb9a000 	C:\windows\SYSTEM32\VERSION.dll
0x00007ffa68050000 - 0x00007ffa68063000 	C:\windows\SYSTEM32\UMPDC.dll
0x00007ffa68300000 - 0x00007ffa68318000 	C:\windows\SYSTEM32\kernel.appcore.dll
0x00007ffa5eed0000 - 0x00007ffa5eeda000 	c:\Users\gjw2\.vscode\extensions\redhat.java-1.33.0-win32-x64\jre\17.0.11-win32-x86_64\bin\jimage.dll
0x00007ffa5e480000 - 0x00007ffa5e6b2000 	C:\windows\SYSTEM32\DBGHELP.DLL
0x00007ffa6ab80000 - 0x00007ffa6af08000 	C:\windows\System32\combase.dll
0x00007ffa6bdd0000 - 0x00007ffa6bea7000 	C:\windows\System32\OLEAUT32.dll
0x00007ffa5e360000 - 0x00007ffa5e392000 	C:\windows\SYSTEM32\dbgcore.DLL
0x00007ffa698b0000 - 0x00007ffa6992b000 	C:\windows\System32\bcryptPrimitives.dll
0x00007ffa33ad0000 - 0x00007ffa33af5000 	c:\Users\gjw2\.vscode\extensions\redhat.java-1.33.0-win32-x64\jre\17.0.11-win32-x86_64\bin\java.dll
0x00007ffa31ac0000 - 0x00007ffa31ad8000 	c:\Users\gjw2\.vscode\extensions\redhat.java-1.33.0-win32-x64\jre\17.0.11-win32-x86_64\bin\zip.dll
0x00007ffa69ea0000 - 0x00007ffa6a6ff000 	C:\windows\System32\SHELL32.dll
0x00007ffa67130000 - 0x00007ffa67a2c000 	C:\windows\SYSTEM32\windows.storage.dll
0x00007ffa66ff0000 - 0x00007ffa6712f000 	C:\windows\SYSTEM32\wintypes.dll
0x00007ffa6b190000 - 0x00007ffa6b284000 	C:\windows\System32\SHCORE.dll
0x00007ffa6b290000 - 0x00007ffa6b2ee000 	C:\windows\System32\shlwapi.dll
0x00007ffa69150000 - 0x00007ffa69171000 	C:\windows\SYSTEM32\profapi.dll
0x00007ffa31aa0000 - 0x00007ffa31ab9000 	C:\Users\gjw2\.vscode\extensions\redhat.java-1.33.0-win32-x64\jre\17.0.11-win32-x86_64\bin\net.dll
0x00007ffa647c0000 - 0x00007ffa648f6000 	C:\windows\SYSTEM32\WINHTTP.dll
0x00007ffa68760000 - 0x00007ffa687c9000 	C:\windows\system32\mswsock.dll
0x00007ffa30000000 - 0x00007ffa30016000 	C:\Users\gjw2\.vscode\extensions\redhat.java-1.33.0-win32-x64\jre\17.0.11-win32-x86_64\bin\nio.dll
0x00007ffa3b210000 - 0x00007ffa3b220000 	c:\Users\gjw2\.vscode\extensions\redhat.java-1.33.0-win32-x64\jre\17.0.11-win32-x86_64\bin\verify.dll
0x00007ffa68a00000 - 0x00007ffa68a1b000 	C:\windows\SYSTEM32\CRYPTSP.dll
0x00007ffa68260000 - 0x00007ffa68295000 	C:\windows\system32\rsaenh.dll
0x00007ffa68800000 - 0x00007ffa68828000 	C:\windows\SYSTEM32\USERENV.dll
0x00007ffa68960000 - 0x00007ffa6896c000 	C:\windows\SYSTEM32\CRYPTBASE.dll
0x00007ffa67d00000 - 0x00007ffa67d2d000 	C:\windows\SYSTEM32\IPHLPAPI.DLL
0x00007ffa6b180000 - 0x00007ffa6b189000 	C:\windows\System32\NSI.dll
0x00007ffa649d0000 - 0x00007ffa649e9000 	C:\windows\SYSTEM32\dhcpcsvc6.DLL
0x00007ffa649b0000 - 0x00007ffa649cf000 	C:\windows\SYSTEM32\dhcpcsvc.DLL
0x00007ffa67d70000 - 0x00007ffa67e68000 	C:\windows\SYSTEM32\DNSAPI.dll
0x00007ffa5d0a0000 - 0x00007ffa5d0a9000 	C:\Users\gjw2\.vscode\extensions\redhat.java-1.33.0-win32-x64\jre\17.0.11-win32-x86_64\bin\management.dll
0x00007ffa3e930000 - 0x00007ffa3e93b000 	C:\Users\gjw2\.vscode\extensions\redhat.java-1.33.0-win32-x64\jre\17.0.11-win32-x86_64\bin\management_ext.dll
0x00007ffa6a8c0000 - 0x00007ffa6a8c8000 	C:\windows\System32\PSAPI.DLL
0x00007ffa3b300000 - 0x00007ffa3b30e000 	C:\Users\gjw2\.vscode\extensions\redhat.java-1.33.0-win32-x64\jre\17.0.11-win32-x86_64\bin\sunmscapi.dll
0x00007ffa69930000 - 0x00007ffa69a97000 	C:\windows\System32\CRYPT32.dll
0x00007ffa68bd0000 - 0x00007ffa68bfe000 	C:\windows\SYSTEM32\ncrypt.dll
0x00007ffa68b90000 - 0x00007ffa68bc7000 	C:\windows\SYSTEM32\NTASN1.dll
0x00007ffa606c0000 - 0x00007ffa606ca000 	C:\Windows\System32\rasadhlp.dll
0x00007ffa62150000 - 0x00007ffa621d3000 	C:\windows\System32\fwpuclnt.dll
0x00007ffa3b190000 - 0x00007ffa3b199000 	C:\Users\gjw2\.vscode\extensions\redhat.java-1.33.0-win32-x64\jre\17.0.11-win32-x86_64\bin\extnet.dll

dbghelp: loaded successfully - version: 4.0.5 - missing functions: none
symbol engine: initialized successfully - sym options: 0x614 - pdb path: .;c:\Users\gjw2\.vscode\extensions\redhat.java-1.33.0-win32-x64\jre\17.0.11-win32-x86_64\bin;C:\windows\SYSTEM32;C:\windows\WinSxS\amd64_microsoft.windows.common-controls_6595b64144ccf1df_6.0.22621.3672_none_2713b9d173822955;c:\Users\gjw2\.vscode\extensions\redhat.java-1.33.0-win32-x64\jre\17.0.11-win32-x86_64\bin\server

VM Arguments:
jvm_args: -Xmx1024m -Dsts.lsp.client=vscode -Dsts.log.file=/dev/null -XX:TieredStopAtLevel=1 -Xlog:jni+resolve=off -Dspring.config.location=file:c:\Users\gjw2\.vscode\extensions\vmware.vscode-spring-boot-1.56.0\language-server\BOOT-INF\classes\application.properties 
java_command: org.springframework.ide.vscode.boot.app.BootLanguageServerBootApp
java_class_path (initial): c:\Users\gjw2\.vscode\extensions\vmware.vscode-spring-boot-1.56.0\language-server\BOOT-INF\classes;c:\Users\gjw2\.vscode\extensions\vmware.vscode-spring-boot-1.56.0\language-server\BOOT-INF\lib\annotations-24.1.0.jar;c:\Users\gjw2\.vscode\extensions\vmware.vscode-spring-boot-1.56.0\language-server\BOOT-INF\lib\antlr4-runtime-4.13.1.jar;c:\Users\gjw2\.vscode\extensions\vmware.vscode-spring-boot-1.56.0\language-server\BOOT-INF\lib\asm-9.7.jar;c:\Users\gjw2\.vscode\extensions\vmware.vscode-spring-boot-1.56.0\language-server\BOOT-INF\lib\asm-analysis-9.7.jar;c:\Users\gjw2\.vscode\extensions\vmware.vscode-spring-boot-1.56.0\language-server\BOOT-INF\lib\asm-tree-9.7.jar;c:\Users\gjw2\.vscode\extensions\vmware.vscode-spring-boot-1.56.0\language-server\BOOT-INF\lib\asm-util-9.7.jar;c:\Users\gjw2\.vscode\extensions\vmware.vscode-spring-boot-1.56.0\language-server\BOOT-INF\lib\caffeine-3.1.8.jar;c:\Users\gjw2\.vscode\extensions\vmware.vscode-spring-boot-1.56.0\language-server\BOOT-INF\lib\checker-qual-3.12.0.jar;c:\Users\gjw2\.vscode\extensions\vmware.vscode-spring-boot-1.56.0\language-server\BOOT-INF\lib\classgraph-4.8.149.jar;c:\Users\gjw2\.vscode\extensions\vmware.vscode-spring-boot-1.56.0\language-server\BOOT-INF\lib\commons-codec-1.16.1.jar;c:\Users\gjw2\.vscode\extensions\vmware.vscode-spring-boot-1.56.0\language-server\BOOT-INF\lib\commons-compress-1.26.2.jar;c:\Users\gjw2\.vscode\extensions\vmware.vscode-spring-boot-1.56.0\language-server\BOOT-INF\lib\commons-io-2.16.1.jar;c:\Users\gjw2\.vscode\extensions\vmware.vscode-spring-boot-1.56.0\language-server\BOOT-INF\lib\commons-java-1.56.0-SNAPSHOT.jar;c:\Users\gjw2\.vscode\extensions\vmware.vscode-spring-boot-1.56.0\language-server\BOOT-INF\lib\commons-lang3-3.14.0.jar;c:\Users\gjw2\.vscode\extensions\vmware.vscode-spring-boot-1.56.0\language-server\BOOT-INF\lib\commons-language-server-1.56.0-SNAPSHOT.jar;c:\Users\gjw2\.vscode\extensions\vmware.vscode-spring-boot-1.56.0\language-server\BOOT-I
Launcher Type: SUN_STANDARD

[Global flags]
     intx CICompilerCount                          = 4                                         {product} {ergonomic}
     uint ConcGCThreads                            = 2                                         {product} {ergonomic}
     uint G1ConcRefinementThreads                  = 8                                         {product} {ergonomic}
   size_t G1HeapRegionSize                         = 1048576                                   {product} {ergonomic}
    uintx GCDrainStackTargetSize                   = 64                                        {product} {ergonomic}
   size_t InitialHeapSize                          = 130023424                                 {product} {ergonomic}
   size_t MarkStackSize                            = 4194304                                   {product} {ergonomic}
   size_t MaxHeapSize                              = 1073741824                                {product} {command line}
   size_t MaxNewSize                               = 643825664                                 {product} {ergonomic}
   size_t MinHeapDeltaBytes                        = 1048576                                   {product} {ergonomic}
   size_t MinHeapSize                              = 8388608                                   {product} {ergonomic}
    uintx NonProfiledCodeHeapSize                  = 0                                      {pd product} {ergonomic}
     bool ProfileInterpreter                       = false                                  {pd product} {command line}
    uintx ProfiledCodeHeapSize                     = 0                                      {pd product} {ergonomic}
   size_t SoftMaxHeapSize                          = 1073741824                             {manageable} {ergonomic}
     intx TieredStopAtLevel                        = 1                                         {product} {command line}
     bool UseCompressedClassPointers               = true                           {product lp64_product} {ergonomic}
     bool UseCompressedOops                        = true                           {product lp64_product} {ergonomic}
     bool UseG1GC                                  = true                                      {product} {ergonomic}
     bool UseLargePagesIndividualAllocation        = false                                  {pd product} {ergonomic}

Logging:
Log output configuration:
 #0: stdout all=warning,jni+resolve=off uptime,level,tags
 #1: stderr all=off uptime,level,tags

Environment Variables:
JAVA_HOME=C:\Program Files\Java\jdk-17
PATH=C:\Program Files\Common Files\Oracle\Java\javapath;C:\Program Files (x86)\VMware\VMware Workstation\bin\;C:\Program Files (x86)\Common Files\Oracle\Java\javapath;C:\windows\system32;C:\windows;C:\windows\System32\Wbem;C:\windows\System32\WindowsPowerShell\v1.0\;C:\windows\System32\OpenSSH\;C:\Program Files (x86)\NVIDIA Corporation\PhysX\Common;C:\Program Files\NVIDIA Corporation\NVIDIA NvDLISR;C:\Program Files\TortoiseSVN\bin;C:\Program Files\nodejs\;C:\Program Files\Git\cmd;C:\Program Files (x86)\Microsoft SQL Server\Client SDK\ODBC\130\Tools\Binn\;C:\Program Files (x86)\Microsoft SQL Server\140\Tools\Binn\;C:\Program Files (x86)\Microsoft SQL Server\140\DTS\Binn\;C:\Program Files (x86)\Microsoft SQL Server\140\Tools\Binn\ManagementStudio\;C:\Program Files\Java\jdk1.8.0_192\bin;C:\Program Files\MySQL\MySQL Server 8.0\bin;%PATH;C:\Users\gjw2\AppData\Roaming\npm;C:\Users\gjw2\AppData\Local\Programs\Microsoft VS Code\bin;C:\Program Files\IntelliJ IDEA Community Edition 2024.1\bin;
USERNAME=user
OS=Windows_NT
PROCESSOR_IDENTIFIER=Intel64 Family 6 Model 151 Stepping 5, GenuineIntel
TMP=C:\Users\gjw2\AppData\Local\Temp
TEMP=C:\Users\gjw2\AppData\Local\Temp



Periodic native trim disabled


---------------  S Y S T E M  ---------------

OS:
 Windows 11 , 64 bit Build 22621 (10.0.22621.3672)
OS uptime: 24 days 16:43 hours
Hyper-V role detected

CPU: total 8 (initial active 8) (4 cores per cpu, 2 threads per core) family 6 model 151 stepping 5 microcode 0x1e, cx8, cmov, fxsr, ht, mmx, 3dnowpref, sse, sse2, sse3, ssse3, sse4.1, sse4.2, popcnt, lzcnt, tsc, tscinvbit, avx, avx2, aes, erms, clmul, bmi1, bmi2, adx, sha, fma, vzeroupper, clflush, clflushopt, clwb, hv
Processor Information for all 8 processors :
  Max Mhz: 3300, Current Mhz: 3300, Mhz Limit: 3300

Memory: 4k page, system-wide physical 7907M (461M free)
TotalPageFile size 32483M (AvailPageFile size 13M)
current process WorkingSet (physical memory assigned to process): 78M, peak: 269M
current process commit charge ("private bytes"): 313M, peak: 447M

vm_info: OpenJDK 64-Bit Server VM (17.0.11+9) for windows-amd64 JRE (17.0.11+9), built on Apr 17 2024 06:07:48 by "admin" with MS VC++ 16.10 / 16.11 (VS2019)

END.
